{"numTotalTestSuites":2,"numPassedTestSuites":0,"numFailedTestSuites":2,"numPendingTestSuites":0,"numTotalTests":2,"numPassedTests":1,"numFailedTests":1,"numPendingTests":0,"numTodoTests":0,"snapshot":{"added":0,"failure":false,"filesAdded":0,"filesRemoved":0,"filesRemovedList":[],"filesUnmatched":0,"filesUpdated":0,"matched":1,"total":1,"unchecked":0,"uncheckedKeysByFile":[],"unmatched":0,"updated":0,"didUpdate":false},"startTime":1789987700237,"success":false,"testResults":[{"assertionResults":[{"ancestorTitles":["feature-01"],"fullName":"feature-01 round-trips a catalogue key","status":"failed","title":"round-trips a catalogue key","duration":10.574724000000003,"failureMessages":["AssertionError: expected 138 to be 137 // Object.is equality\n    at /workspace/scratch/3be8439307aa/p29-vitest-example/tests/feature-01.test.ts:8:27\n    at file:///workspace/scratch/3be8439307aa/p29-vitest-example/node_modules/vitest/dist/chunks/run.C5UmxDPh.js:1628:35\n    at file:///workspace/scratch/3be8439307aa/p29-vitest-example/node_modules/vitest/dist/chunks/run.C5UmxDPh.js:2783:26\n    at file:///workspace/scratch/3be8439307aa/p29-vitest-example/node_modules/vitest/dist/chunks/run.C5UmxDPh.js:3319:20\n    at new Promise (<anonymous>)\n    at runWithCancel (file:///workspace/scratch/3be8439307aa/p29-vitest-example/node_modules/vitest/dist/chunks/run.C5UmxDPh.js:3314:10)\n    at file:///workspace/scratch/3be8439307aa/p29-vitest-example/node_modules/vitest/dist/chunks/run.C5UmxDPh.js:3299:20\n    at new Promise (<anonymous>)\n    at runWithTimeout (file:///workspace/scratch/3be8439307aa/p29-vitest-example/node_modules/vitest/dist/chunks/run.C5UmxDPh.js:3257:10)\n    at file:///workspace/scratch/3be8439307aa/p29-vitest-example/node_modules/vitest/dist/chunks/run.C5UmxDPh.js:3876:64"],"meta":{},"tags":[],"benchmarks":[]},{"ancestorTitles":["feature-01"],"fullName":"feature-01 returns -1 for an unknown key","status":"passed","title":"returns -1 for an unknown key","duration":0.33291099999999574,"failureMessages":[],"meta":{},"tags":[],"benchmarks":[]}],"startTime":1789987700455,"endTime":1789987700466.333,"status":"failed","message":"","name":"/workspace/scratch/3be8439307aa/p29-vitest-example/tests/feature-01.test.ts"}]}