{"numTotalTestSuites":2,"numPassedTestSuites":2,"numFailedTestSuites":0,"numPendingTestSuites":0,"numTotalTests":2,"numPassedTests":2,"numFailedTests":0,"numPendingTests":0,"numTodoTests":0,"snapshot":{"added":0,"failure":false,"filesAdded":0,"filesRemoved":0,"filesRemovedList":[],"filesUnmatched":0,"filesUpdated":0,"matched":1,"total":1,"unchecked":0,"uncheckedKeysByFile":[],"unmatched":0,"updated":0,"didUpdate":false},"startTime":1789987699530,"success":true,"testResults":[{"assertionResults":[{"ancestorTitles":["feature-01"],"fullName":"feature-01 round-trips a catalogue key","status":"passed","title":"round-trips a catalogue key","duration":10.389393000000013,"failureMessages":[],"meta":{},"tags":[],"benchmarks":[]},{"ancestorTitles":["feature-01"],"fullName":"feature-01 returns -1 for an unknown key","status":"passed","title":"returns -1 for an unknown key","duration":0.2297179999999912,"failureMessages":[],"meta":{},"tags":[],"benchmarks":[]}],"startTime":1789987699757,"endTime":1789987699768.2297,"status":"passed","message":"","name":"/workspace/scratch/3be8439307aa/p29-vitest-example/tests/feature-01.test.ts"}]}