{"numTotalTestSuites":32,"numPassedTestSuites":32,"numFailedTestSuites":0,"numPendingTestSuites":0,"numTotalTests":32,"numPassedTests":32,"numFailedTests":0,"numPendingTests":0,"numTodoTests":0,"snapshot":{"added":0,"failure":false,"filesAdded":0,"filesRemoved":0,"filesRemovedList":[],"filesUnmatched":0,"filesUpdated":0,"matched":16,"total":16,"unchecked":0,"uncheckedKeysByFile":[],"unmatched":0,"updated":0,"didUpdate":false},"startTime":1789987600971,"success":true,"testResults":[{"assertionResults":[{"ancestorTitles":["feature-01"],"fullName":"feature-01 round-trips a catalogue key","status":"passed","title":"round-trips a catalogue key","duration":112.19442199999992,"failureMessages":[],"meta":{},"tags":[],"benchmarks":[]},{"ancestorTitles":["feature-01"],"fullName":"feature-01 returns -1 for an unknown key","status":"passed","title":"returns -1 for an unknown key","duration":9.453081999999995,"failureMessages":[],"meta":{},"tags":[],"benchmarks":[]}],"startTime":1789987601967,"endTime":1789987602088.4531,"status":"passed","message":"","name":"/workspace/scratch/3be8439307aa/p29-vitest-example/tests/feature-01.test.ts"},{"assertionResults":[{"ancestorTitles":["feature-02"],"fullName":"feature-02 round-trips a catalogue key","status":"passed","title":"round-trips a catalogue key","duration":10.386456000000067,"failureMessages":[],"meta":{},"tags":[],"benchmarks":[]},{"ancestorTitles":["feature-02"],"fullName":"feature-02 returns -1 for an unknown key","status":"passed","title":"returns -1 for an unknown key","duration":0.26742699999999786,"failureMessages":[],"meta":{},"tags":[],"benchmarks":[]}],"startTime":1789987601573,"endTime":1789987601584.2673,"status":"passed","message":"","name":"/workspace/scratch/3be8439307aa/p29-vitest-example/tests/feature-02.test.ts"},{"assertionResults":[{"ancestorTitles":["feature-03"],"fullName":"feature-03 round-trips a catalogue key","status":"passed","title":"round-trips a catalogue key","duration":14.689306999999985,"failureMessages":[],"meta":{},"tags":[],"benchmarks":[]},{"ancestorTitles":["feature-03"],"fullName":"feature-03 returns -1 for an unknown key","status":"passed","title":"returns -1 for an unknown key","duration":0.519032999999979,"failureMessages":[],"meta":{},"tags":[],"benchmarks":[]}],"startTime":1789987601541,"endTime":1789987601556.519,"status":"passed","message":"","name":"/workspace/scratch/3be8439307aa/p29-vitest-example/tests/feature-03.test.ts"},{"assertionResults":[{"ancestorTitles":["feature-04"],"fullName":"feature-04 round-trips a catalogue key","status":"passed","title":"round-trips a catalogue key","duration":11.672372999999993,"failureMessages":[],"meta":{},"tags":[],"benchmarks":[]},{"ancestorTitles":["feature-04"],"fullName":"feature-04 returns -1 for an unknown key","status":"passed","title":"returns -1 for an unknown key","duration":0.26114200000000665,"failureMessages":[],"meta":{},"tags":[],"benchmarks":[]}],"startTime":1789987601508,"endTime":1789987601519.6724,"status":"passed","message":"","name":"/workspace/scratch/3be8439307aa/p29-vitest-example/tests/feature-04.test.ts"},{"assertionResults":[{"ancestorTitles":["feature-05"],"fullName":"feature-05 round-trips a catalogue key","status":"passed","title":"round-trips a catalogue key","duration":21.342251999999974,"failureMessages":[],"meta":{},"tags":[],"benchmarks":[]},{"ancestorTitles":["feature-05"],"fullName":"feature-05 returns -1 for an unknown key","status":"passed","title":"returns -1 for an unknown key","duration":0.4856770000000097,"failureMessages":[],"meta":{},"tags":[],"benchmarks":[]}],"startTime":1789987601825,"endTime":1789987601846.4856,"status":"passed","message":"","name":"/workspace/scratch/3be8439307aa/p29-vitest-example/tests/feature-05.test.ts"},{"assertionResults":[{"ancestorTitles":["feature-06"],"fullName":"feature-06 round-trips a catalogue key","status":"passed","title":"round-trips a catalogue key","duration":14.01737700000001,"failureMessages":[],"meta":{},"tags":[],"benchmarks":[]},{"ancestorTitles":["feature-06"],"fullName":"feature-06 returns -1 for an unknown key","status":"passed","title":"returns -1 for an unknown key","duration":0.2885830000000169,"failureMessages":[],"meta":{},"tags":[],"benchmarks":[]}],"startTime":1789987601840,"endTime":1789987601854.2886,"status":"passed","message":"","name":"/workspace/scratch/3be8439307aa/p29-vitest-example/tests/feature-06.test.ts"},{"assertionResults":[{"ancestorTitles":["feature-07"],"fullName":"feature-07 round-trips a catalogue key","status":"passed","title":"round-trips a catalogue key","duration":9.706727,"failureMessages":[],"meta":{},"tags":[],"benchmarks":[]},{"ancestorTitles":["feature-07"],"fullName":"feature-07 returns -1 for an unknown key","status":"passed","title":"returns -1 for an unknown key","duration":0.23127200000004677,"failureMessages":[],"meta":{},"tags":[],"benchmarks":[]}],"startTime":1789987601898,"endTime":1789987601908.2312,"status":"passed","message":"","name":"/workspace/scratch/3be8439307aa/p29-vitest-example/tests/feature-07.test.ts"},{"assertionResults":[{"ancestorTitles":["feature-08"],"fullName":"feature-08 round-trips a catalogue key","status":"passed","title":"round-trips a catalogue key","duration":10.629763000000025,"failureMessages":[],"meta":{},"tags":[],"benchmarks":[]},{"ancestorTitles":["feature-08"],"fullName":"feature-08 returns -1 for an unknown key","status":"passed","title":"returns -1 for an unknown key","duration":0.4388230000000135,"failureMessages":[],"meta":{},"tags":[],"benchmarks":[]}],"startTime":1789987602174,"endTime":1789987602185.4387,"status":"passed","message":"","name":"/workspace/scratch/3be8439307aa/p29-vitest-example/tests/feature-08.test.ts"},{"assertionResults":[{"ancestorTitles":["feature-09"],"fullName":"feature-09 round-trips a catalogue key","status":"passed","title":"round-trips a catalogue key","duration":15.713383999999962,"failureMessages":[],"meta":{},"tags":[],"benchmarks":[]},{"ancestorTitles":["feature-09"],"fullName":"feature-09 returns -1 for an unknown key","status":"passed","title":"returns -1 for an unknown key","duration":0.343276000000003,"failureMessages":[],"meta":{},"tags":[],"benchmarks":[]}],"startTime":1789987602192,"endTime":1789987602208.3433,"status":"passed","message":"","name":"/workspace/scratch/3be8439307aa/p29-vitest-example/tests/feature-09.test.ts"},{"assertionResults":[{"ancestorTitles":["feature-10"],"fullName":"feature-10 round-trips a catalogue key","status":"passed","title":"round-trips a catalogue key","duration":24.602171999999996,"failureMessages":[],"meta":{},"tags":[],"benchmarks":[]},{"ancestorTitles":["feature-10"],"fullName":"feature-10 returns -1 for an unknown key","status":"passed","title":"returns -1 for an unknown key","duration":0.6417690000000107,"failureMessages":[],"meta":{},"tags":[],"benchmarks":[]}],"startTime":1789987602222,"endTime":1789987602247.6418,"status":"passed","message":"","name":"/workspace/scratch/3be8439307aa/p29-vitest-example/tests/feature-10.test.ts"},{"assertionResults":[{"ancestorTitles":["feature-11"],"fullName":"feature-11 round-trips a catalogue key","status":"passed","title":"round-trips a catalogue key","duration":9.838957999999991,"failureMessages":[],"meta":{},"tags":[],"benchmarks":[]},{"ancestorTitles":["feature-11"],"fullName":"feature-11 returns -1 for an unknown key","status":"passed","title":"returns -1 for an unknown key","duration":0.36817700000000286,"failureMessages":[],"meta":{},"tags":[],"benchmarks":[]}],"startTime":1789987602419,"endTime":1789987602429.3682,"status":"passed","message":"","name":"/workspace/scratch/3be8439307aa/p29-vitest-example/tests/feature-11.test.ts"},{"assertionResults":[{"ancestorTitles":["feature-12"],"fullName":"feature-12 round-trips a catalogue key","status":"passed","title":"round-trips a catalogue key","duration":9.634071000000006,"failureMessages":[],"meta":{},"tags":[],"benchmarks":[]},{"ancestorTitles":["feature-12"],"fullName":"feature-12 returns -1 for an unknown key","status":"passed","title":"returns -1 for an unknown key","duration":0.3188920000000053,"failureMessages":[],"meta":{},"tags":[],"benchmarks":[]}],"startTime":1789987602607,"endTime":1789987602617.3188,"status":"passed","message":"","name":"/workspace/scratch/3be8439307aa/p29-vitest-example/tests/feature-12.test.ts"},{"assertionResults":[{"ancestorTitles":["feature-13"],"fullName":"feature-13 round-trips a catalogue key","status":"passed","title":"round-trips a catalogue key","duration":11.642840999999976,"failureMessages":[],"meta":{},"tags":[],"benchmarks":[]},{"ancestorTitles":["feature-13"],"fullName":"feature-13 returns -1 for an unknown key","status":"passed","title":"returns -1 for an unknown key","duration":0.2616700000000378,"failureMessages":[],"meta":{},"tags":[],"benchmarks":[]}],"startTime":1789987602618,"endTime":1789987602629.6428,"status":"passed","message":"","name":"/workspace/scratch/3be8439307aa/p29-vitest-example/tests/feature-13.test.ts"},{"assertionResults":[{"ancestorTitles":["feature-14"],"fullName":"feature-14 round-trips a catalogue key","status":"passed","title":"round-trips a catalogue key","duration":12.517534000000012,"failureMessages":[],"meta":{},"tags":[],"benchmarks":[]},{"ancestorTitles":["feature-14"],"fullName":"feature-14 returns -1 for an unknown key","status":"passed","title":"returns -1 for an unknown key","duration":0.2501049999999623,"failureMessages":[],"meta":{},"tags":[],"benchmarks":[]}],"startTime":1789987602537,"endTime":1789987602550.25,"status":"passed","message":"","name":"/workspace/scratch/3be8439307aa/p29-vitest-example/tests/feature-14.test.ts"},{"assertionResults":[{"ancestorTitles":["feature-15"],"fullName":"feature-15 round-trips a catalogue key","status":"passed","title":"round-trips a catalogue key","duration":10.926188999999994,"failureMessages":[],"meta":{},"tags":[],"benchmarks":[]},{"ancestorTitles":["feature-15"],"fullName":"feature-15 returns -1 for an unknown key","status":"passed","title":"returns -1 for an unknown key","duration":0.3163990000000183,"failureMessages":[],"meta":{},"tags":[],"benchmarks":[]}],"startTime":1789987602691,"endTime":1789987602702.3164,"status":"passed","message":"","name":"/workspace/scratch/3be8439307aa/p29-vitest-example/tests/feature-15.test.ts"},{"assertionResults":[{"ancestorTitles":["feature-16"],"fullName":"feature-16 round-trips a catalogue key","status":"passed","title":"round-trips a catalogue key","duration":9.20959000000002,"failureMessages":[],"meta":{},"tags":[],"benchmarks":[]},{"ancestorTitles":["feature-16"],"fullName":"feature-16 returns -1 for an unknown key","status":"passed","title":"returns -1 for an unknown key","duration":0.2967840000000024,"failureMessages":[],"meta":{},"tags":[],"benchmarks":[]}],"startTime":1789987602816,"endTime":1789987602825.2969,"status":"passed","message":"","name":"/workspace/scratch/3be8439307aa/p29-vitest-example/tests/feature-16.test.ts"}],"coverageMap":{"/workspace/scratch/3be8439307aa/p29-vitest-example/src/features/feature-03.ts":{"path":"/workspace/scratch/3be8439307aa/p29-vitest-example/src/features/feature-03.ts","statementMap":{"0":{"start":{"line":2,"column":18},"end":{"line":2,"column":null}},"1":{"start":{"line":2,"column":59},"end":{"line":2,"column":100}},"2":{"start":{"line":3,"column":14},"end":{"line":3,"column":null}},"3":{"start":{"line":3,"column":52},"end":{"line":3,"column":64}},"4":{"start":{"line":4,"column":50},"end":{"line":4,"column":80}},"5":{"start":{"line":5,"column":45},"end":{"line":5,"column":73}}},"fnMap":{"0":{"name":"(anonymous_0)","decl":{"start":{"line":2,"column":44},"end":{"line":2,"column":48}},"loc":{"start":{"line":2,"column":59},"end":{"line":2,"column":100}},"line":2},"1":{"name":"(anonymous_1)","decl":{"start":{"line":3,"column":32},"end":{"line":3,"column":37}},"loc":{"start":{"line":3,"column":52},"end":{"line":3,"column":64}},"line":3},"2":{"name":"lookup03","decl":{"start":{"line":4,"column":16},"end":{"line":4,"column":25}},"loc":{"start":{"line":4,"column":48},"end":{"line":4,"column":null}},"line":4},"3":{"name":"key03","decl":{"start":{"line":5,"column":16},"end":{"line":5,"column":22}},"loc":{"start":{"line":5,"column":43},"end":{"line":5,"column":null}},"line":5}},"branchMap":{"0":{"loc":{"start":{"line":4,"column":57},"end":{"line":4,"column":80}},"type":"binary-expr","locations":[{"start":{"line":4,"column":57},"end":{"line":4,"column":77}},{"start":{"line":4,"column":77},"end":{"line":4,"column":80}}],"line":4},"1":{"loc":{"start":{"line":5,"column":52},"end":{"line":5,"column":73}},"type":"binary-expr","locations":[{"start":{"line":5,"column":52},"end":{"line":5,"column":70}},{"start":{"line":5,"column":70},"end":{"line":5,"column":73}}],"line":5}},"s":{"0":1,"1":1800,"2":1,"3":1800,"4":2,"5":1},"f":{"0":1800,"1":1800,"2":2,"3":1},"b":{"0":[2,1],"1":[1,0]},"meta":{"lastBranch":2,"lastFunction":4,"lastStatement":6,"seen":{"s:2:18:2:Infinity":0,"f:2:44:2:48":0,"s:2:59:2:100":1,"s:3:14:3:Infinity":2,"f:3:32:3:37":1,"s:3:52:3:64":3,"f:4:16:4:25":2,"s:4:50:4:80":4,"b:4:57:4:77:4:77:4:80":0,"f:5:16:5:22":3,"s:5:45:5:73":5,"b:5:52:5:70:5:70:5:73":1},"fnNames":{}}},"/workspace/scratch/3be8439307aa/p29-vitest-example/src/features/feature-07.ts":{"path":"/workspace/scratch/3be8439307aa/p29-vitest-example/src/features/feature-07.ts","statementMap":{"0":{"start":{"line":2,"column":18},"end":{"line":2,"column":null}},"1":{"start":{"line":2,"column":59},"end":{"line":2,"column":100}},"2":{"start":{"line":3,"column":14},"end":{"line":3,"column":null}},"3":{"start":{"line":3,"column":52},"end":{"line":3,"column":64}},"4":{"start":{"line":4,"column":50},"end":{"line":4,"column":80}},"5":{"start":{"line":5,"column":45},"end":{"line":5,"column":73}}},"fnMap":{"0":{"name":"(anonymous_0)","decl":{"start":{"line":2,"column":44},"end":{"line":2,"column":48}},"loc":{"start":{"line":2,"column":59},"end":{"line":2,"column":100}},"line":2},"1":{"name":"(anonymous_1)","decl":{"start":{"line":3,"column":32},"end":{"line":3,"column":37}},"loc":{"start":{"line":3,"column":52},"end":{"line":3,"column":64}},"line":3},"2":{"name":"lookup07","decl":{"start":{"line":4,"column":16},"end":{"line":4,"column":25}},"loc":{"start":{"line":4,"column":48},"end":{"line":4,"column":null}},"line":4},"3":{"name":"key07","decl":{"start":{"line":5,"column":16},"end":{"line":5,"column":22}},"loc":{"start":{"line":5,"column":43},"end":{"line":5,"column":null}},"line":5}},"branchMap":{"0":{"loc":{"start":{"line":4,"column":57},"end":{"line":4,"column":80}},"type":"binary-expr","locations":[{"start":{"line":4,"column":57},"end":{"line":4,"column":77}},{"start":{"line":4,"column":77},"end":{"line":4,"column":80}}],"line":4},"1":{"loc":{"start":{"line":5,"column":52},"end":{"line":5,"column":73}},"type":"binary-expr","locations":[{"start":{"line":5,"column":52},"end":{"line":5,"column":70}},{"start":{"line":5,"column":70},"end":{"line":5,"column":73}}],"line":5}},"s":{"0":1,"1":1800,"2":1,"3":1800,"4":2,"5":1},"f":{"0":1800,"1":1800,"2":2,"3":1},"b":{"0":[2,1],"1":[1,0]},"meta":{"lastBranch":2,"lastFunction":4,"lastStatement":6,"seen":{"s:2:18:2:Infinity":0,"f:2:44:2:48":0,"s:2:59:2:100":1,"s:3:14:3:Infinity":2,"f:3:32:3:37":1,"s:3:52:3:64":3,"f:4:16:4:25":2,"s:4:50:4:80":4,"b:4:57:4:77:4:77:4:80":0,"f:5:16:5:22":3,"s:5:45:5:73":5,"b:5:52:5:70:5:70:5:73":1},"fnNames":{}}},"/workspace/scratch/3be8439307aa/p29-vitest-example/src/features/feature-01.ts":{"path":"/workspace/scratch/3be8439307aa/p29-vitest-example/src/features/feature-01.ts","statementMap":{"0":{"start":{"line":2,"column":18},"end":{"line":2,"column":null}},"1":{"start":{"line":2,"column":59},"end":{"line":2,"column":100}},"2":{"start":{"line":3,"column":14},"end":{"line":3,"column":null}},"3":{"start":{"line":3,"column":52},"end":{"line":3,"column":64}},"4":{"start":{"line":4,"column":50},"end":{"line":4,"column":80}},"5":{"start":{"line":5,"column":45},"end":{"line":5,"column":73}}},"fnMap":{"0":{"name":"(anonymous_0)","decl":{"start":{"line":2,"column":44},"end":{"line":2,"column":48}},"loc":{"start":{"line":2,"column":59},"end":{"line":2,"column":100}},"line":2},"1":{"name":"(anonymous_1)","decl":{"start":{"line":3,"column":32},"end":{"line":3,"column":37}},"loc":{"start":{"line":3,"column":52},"end":{"line":3,"column":64}},"line":3},"2":{"name":"lookup01","decl":{"start":{"line":4,"column":16},"end":{"line":4,"column":25}},"loc":{"start":{"line":4,"column":48},"end":{"line":4,"column":null}},"line":4},"3":{"name":"key01","decl":{"start":{"line":5,"column":16},"end":{"line":5,"column":22}},"loc":{"start":{"line":5,"column":43},"end":{"line":5,"column":null}},"line":5}},"branchMap":{"0":{"loc":{"start":{"line":4,"column":57},"end":{"line":4,"column":80}},"type":"binary-expr","locations":[{"start":{"line":4,"column":57},"end":{"line":4,"column":77}},{"start":{"line":4,"column":77},"end":{"line":4,"column":80}}],"line":4},"1":{"loc":{"start":{"line":5,"column":52},"end":{"line":5,"column":73}},"type":"binary-expr","locations":[{"start":{"line":5,"column":52},"end":{"line":5,"column":70}},{"start":{"line":5,"column":70},"end":{"line":5,"column":73}}],"line":5}},"s":{"0":1,"1":1800,"2":1,"3":1800,"4":2,"5":1},"f":{"0":1800,"1":1800,"2":2,"3":1},"b":{"0":[2,1],"1":[1,0]},"meta":{"lastBranch":2,"lastFunction":4,"lastStatement":6,"seen":{"s:2:18:2:Infinity":0,"f:2:44:2:48":0,"s:2:59:2:100":1,"s:3:14:3:Infinity":2,"f:3:32:3:37":1,"s:3:52:3:64":3,"f:4:16:4:25":2,"s:4:50:4:80":4,"b:4:57:4:77:4:77:4:80":0,"f:5:16:5:22":3,"s:5:45:5:73":5,"b:5:52:5:70:5:70:5:73":1},"fnNames":{}}},"/workspace/scratch/3be8439307aa/p29-vitest-example/src/features/feature-06.ts":{"path":"/workspace/scratch/3be8439307aa/p29-vitest-example/src/features/feature-06.ts","statementMap":{"0":{"start":{"line":2,"column":18},"end":{"line":2,"column":null}},"1":{"start":{"line":2,"column":59},"end":{"line":2,"column":100}},"2":{"start":{"line":3,"column":14},"end":{"line":3,"column":null}},"3":{"start":{"line":3,"column":52},"end":{"line":3,"column":64}},"4":{"start":{"line":4,"column":50},"end":{"line":4,"column":80}},"5":{"start":{"line":5,"column":45},"end":{"line":5,"column":73}}},"fnMap":{"0":{"name":"(anonymous_0)","decl":{"start":{"line":2,"column":44},"end":{"line":2,"column":48}},"loc":{"start":{"line":2,"column":59},"end":{"line":2,"column":100}},"line":2},"1":{"name":"(anonymous_1)","decl":{"start":{"line":3,"column":32},"end":{"line":3,"column":37}},"loc":{"start":{"line":3,"column":52},"end":{"line":3,"column":64}},"line":3},"2":{"name":"lookup06","decl":{"start":{"line":4,"column":16},"end":{"line":4,"column":25}},"loc":{"start":{"line":4,"column":48},"end":{"line":4,"column":null}},"line":4},"3":{"name":"key06","decl":{"start":{"line":5,"column":16},"end":{"line":5,"column":22}},"loc":{"start":{"line":5,"column":43},"end":{"line":5,"column":null}},"line":5}},"branchMap":{"0":{"loc":{"start":{"line":4,"column":57},"end":{"line":4,"column":80}},"type":"binary-expr","locations":[{"start":{"line":4,"column":57},"end":{"line":4,"column":77}},{"start":{"line":4,"column":77},"end":{"line":4,"column":80}}],"line":4},"1":{"loc":{"start":{"line":5,"column":52},"end":{"line":5,"column":73}},"type":"binary-expr","locations":[{"start":{"line":5,"column":52},"end":{"line":5,"column":70}},{"start":{"line":5,"column":70},"end":{"line":5,"column":73}}],"line":5}},"s":{"0":1,"1":1800,"2":1,"3":1800,"4":2,"5":1},"f":{"0":1800,"1":1800,"2":2,"3":1},"b":{"0":[2,1],"1":[1,0]},"meta":{"lastBranch":2,"lastFunction":4,"lastStatement":6,"seen":{"s:2:18:2:Infinity":0,"f:2:44:2:48":0,"s:2:59:2:100":1,"s:3:14:3:Infinity":2,"f:3:32:3:37":1,"s:3:52:3:64":3,"f:4:16:4:25":2,"s:4:50:4:80":4,"b:4:57:4:77:4:77:4:80":0,"f:5:16:5:22":3,"s:5:45:5:73":5,"b:5:52:5:70:5:70:5:73":1},"fnNames":{}}},"/workspace/scratch/3be8439307aa/p29-vitest-example/src/features/feature-04.ts":{"path":"/workspace/scratch/3be8439307aa/p29-vitest-example/src/features/feature-04.ts","statementMap":{"0":{"start":{"line":2,"column":18},"end":{"line":2,"column":null}},"1":{"start":{"line":2,"column":59},"end":{"line":2,"column":100}},"2":{"start":{"line":3,"column":14},"end":{"line":3,"column":null}},"3":{"start":{"line":3,"column":52},"end":{"line":3,"column":64}},"4":{"start":{"line":4,"column":50},"end":{"line":4,"column":80}},"5":{"start":{"line":5,"column":45},"end":{"line":5,"column":73}}},"fnMap":{"0":{"name":"(anonymous_0)","decl":{"start":{"line":2,"column":44},"end":{"line":2,"column":48}},"loc":{"start":{"line":2,"column":59},"end":{"line":2,"column":100}},"line":2},"1":{"name":"(anonymous_1)","decl":{"start":{"line":3,"column":32},"end":{"line":3,"column":37}},"loc":{"start":{"line":3,"column":52},"end":{"line":3,"column":64}},"line":3},"2":{"name":"lookup04","decl":{"start":{"line":4,"column":16},"end":{"line":4,"column":25}},"loc":{"start":{"line":4,"column":48},"end":{"line":4,"column":null}},"line":4},"3":{"name":"key04","decl":{"start":{"line":5,"column":16},"end":{"line":5,"column":22}},"loc":{"start":{"line":5,"column":43},"end":{"line":5,"column":null}},"line":5}},"branchMap":{"0":{"loc":{"start":{"line":4,"column":57},"end":{"line":4,"column":80}},"type":"binary-expr","locations":[{"start":{"line":4,"column":57},"end":{"line":4,"column":77}},{"start":{"line":4,"column":77},"end":{"line":4,"column":80}}],"line":4},"1":{"loc":{"start":{"line":5,"column":52},"end":{"line":5,"column":73}},"type":"binary-expr","locations":[{"start":{"line":5,"column":52},"end":{"line":5,"column":70}},{"start":{"line":5,"column":70},"end":{"line":5,"column":73}}],"line":5}},"s":{"0":1,"1":1800,"2":1,"3":1800,"4":2,"5":1},"f":{"0":1800,"1":1800,"2":2,"3":1},"b":{"0":[2,1],"1":[1,0]},"meta":{"lastBranch":2,"lastFunction":4,"lastStatement":6,"seen":{"s:2:18:2:Infinity":0,"f:2:44:2:48":0,"s:2:59:2:100":1,"s:3:14:3:Infinity":2,"f:3:32:3:37":1,"s:3:52:3:64":3,"f:4:16:4:25":2,"s:4:50:4:80":4,"b:4:57:4:77:4:77:4:80":0,"f:5:16:5:22":3,"s:5:45:5:73":5,"b:5:52:5:70:5:70:5:73":1},"fnNames":{}}},"/workspace/scratch/3be8439307aa/p29-vitest-example/src/features/feature-02.ts":{"path":"/workspace/scratch/3be8439307aa/p29-vitest-example/src/features/feature-02.ts","statementMap":{"0":{"start":{"line":2,"column":18},"end":{"line":2,"column":null}},"1":{"start":{"line":2,"column":59},"end":{"line":2,"column":100}},"2":{"start":{"line":3,"column":14},"end":{"line":3,"column":null}},"3":{"start":{"line":3,"column":52},"end":{"line":3,"column":64}},"4":{"start":{"line":4,"column":50},"end":{"line":4,"column":80}},"5":{"start":{"line":5,"column":45},"end":{"line":5,"column":73}}},"fnMap":{"0":{"name":"(anonymous_0)","decl":{"start":{"line":2,"column":44},"end":{"line":2,"column":48}},"loc":{"start":{"line":2,"column":59},"end":{"line":2,"column":100}},"line":2},"1":{"name":"(anonymous_1)","decl":{"start":{"line":3,"column":32},"end":{"line":3,"column":37}},"loc":{"start":{"line":3,"column":52},"end":{"line":3,"column":64}},"line":3},"2":{"name":"lookup02","decl":{"start":{"line":4,"column":16},"end":{"line":4,"column":25}},"loc":{"start":{"line":4,"column":48},"end":{"line":4,"column":null}},"line":4},"3":{"name":"key02","decl":{"start":{"line":5,"column":16},"end":{"line":5,"column":22}},"loc":{"start":{"line":5,"column":43},"end":{"line":5,"column":null}},"line":5}},"branchMap":{"0":{"loc":{"start":{"line":4,"column":57},"end":{"line":4,"column":80}},"type":"binary-expr","locations":[{"start":{"line":4,"column":57},"end":{"line":4,"column":77}},{"start":{"line":4,"column":77},"end":{"line":4,"column":80}}],"line":4},"1":{"loc":{"start":{"line":5,"column":52},"end":{"line":5,"column":73}},"type":"binary-expr","locations":[{"start":{"line":5,"column":52},"end":{"line":5,"column":70}},{"start":{"line":5,"column":70},"end":{"line":5,"column":73}}],"line":5}},"s":{"0":1,"1":1800,"2":1,"3":1800,"4":2,"5":1},"f":{"0":1800,"1":1800,"2":2,"3":1},"b":{"0":[2,1],"1":[1,0]},"meta":{"lastBranch":2,"lastFunction":4,"lastStatement":6,"seen":{"s:2:18:2:Infinity":0,"f:2:44:2:48":0,"s:2:59:2:100":1,"s:3:14:3:Infinity":2,"f:3:32:3:37":1,"s:3:52:3:64":3,"f:4:16:4:25":2,"s:4:50:4:80":4,"b:4:57:4:77:4:77:4:80":0,"f:5:16:5:22":3,"s:5:45:5:73":5,"b:5:52:5:70:5:70:5:73":1},"fnNames":{}}},"/workspace/scratch/3be8439307aa/p29-vitest-example/src/features/feature-08.ts":{"path":"/workspace/scratch/3be8439307aa/p29-vitest-example/src/features/feature-08.ts","statementMap":{"0":{"start":{"line":2,"column":18},"end":{"line":2,"column":null}},"1":{"start":{"line":2,"column":59},"end":{"line":2,"column":100}},"2":{"start":{"line":3,"column":14},"end":{"line":3,"column":null}},"3":{"start":{"line":3,"column":52},"end":{"line":3,"column":64}},"4":{"start":{"line":4,"column":50},"end":{"line":4,"column":80}},"5":{"start":{"line":5,"column":45},"end":{"line":5,"column":73}}},"fnMap":{"0":{"name":"(anonymous_0)","decl":{"start":{"line":2,"column":44},"end":{"line":2,"column":48}},"loc":{"start":{"line":2,"column":59},"end":{"line":2,"column":100}},"line":2},"1":{"name":"(anonymous_1)","decl":{"start":{"line":3,"column":32},"end":{"line":3,"column":37}},"loc":{"start":{"line":3,"column":52},"end":{"line":3,"column":64}},"line":3},"2":{"name":"lookup08","decl":{"start":{"line":4,"column":16},"end":{"line":4,"column":25}},"loc":{"start":{"line":4,"column":48},"end":{"line":4,"column":null}},"line":4},"3":{"name":"key08","decl":{"start":{"line":5,"column":16},"end":{"line":5,"column":22}},"loc":{"start":{"line":5,"column":43},"end":{"line":5,"column":null}},"line":5}},"branchMap":{"0":{"loc":{"start":{"line":4,"column":57},"end":{"line":4,"column":80}},"type":"binary-expr","locations":[{"start":{"line":4,"column":57},"end":{"line":4,"column":77}},{"start":{"line":4,"column":77},"end":{"line":4,"column":80}}],"line":4},"1":{"loc":{"start":{"line":5,"column":52},"end":{"line":5,"column":73}},"type":"binary-expr","locations":[{"start":{"line":5,"column":52},"end":{"line":5,"column":70}},{"start":{"line":5,"column":70},"end":{"line":5,"column":73}}],"line":5}},"s":{"0":1,"1":1800,"2":1,"3":1800,"4":2,"5":1},"f":{"0":1800,"1":1800,"2":2,"3":1},"b":{"0":[2,1],"1":[1,0]},"meta":{"lastBranch":2,"lastFunction":4,"lastStatement":6,"seen":{"s:2:18:2:Infinity":0,"f:2:44:2:48":0,"s:2:59:2:100":1,"s:3:14:3:Infinity":2,"f:3:32:3:37":1,"s:3:52:3:64":3,"f:4:16:4:25":2,"s:4:50:4:80":4,"b:4:57:4:77:4:77:4:80":0,"f:5:16:5:22":3,"s:5:45:5:73":5,"b:5:52:5:70:5:70:5:73":1},"fnNames":{}}},"/workspace/scratch/3be8439307aa/p29-vitest-example/src/features/feature-05.ts":{"path":"/workspace/scratch/3be8439307aa/p29-vitest-example/src/features/feature-05.ts","statementMap":{"0":{"start":{"line":2,"column":18},"end":{"line":2,"column":null}},"1":{"start":{"line":2,"column":59},"end":{"line":2,"column":100}},"2":{"start":{"line":3,"column":14},"end":{"line":3,"column":null}},"3":{"start":{"line":3,"column":52},"end":{"line":3,"column":64}},"4":{"start":{"line":4,"column":50},"end":{"line":4,"column":80}},"5":{"start":{"line":5,"column":45},"end":{"line":5,"column":73}}},"fnMap":{"0":{"name":"(anonymous_0)","decl":{"start":{"line":2,"column":44},"end":{"line":2,"column":48}},"loc":{"start":{"line":2,"column":59},"end":{"line":2,"column":100}},"line":2},"1":{"name":"(anonymous_1)","decl":{"start":{"line":3,"column":32},"end":{"line":3,"column":37}},"loc":{"start":{"line":3,"column":52},"end":{"line":3,"column":64}},"line":3},"2":{"name":"lookup05","decl":{"start":{"line":4,"column":16},"end":{"line":4,"column":25}},"loc":{"start":{"line":4,"column":48},"end":{"line":4,"column":null}},"line":4},"3":{"name":"key05","decl":{"start":{"line":5,"column":16},"end":{"line":5,"column":22}},"loc":{"start":{"line":5,"column":43},"end":{"line":5,"column":null}},"line":5}},"branchMap":{"0":{"loc":{"start":{"line":4,"column":57},"end":{"line":4,"column":80}},"type":"binary-expr","locations":[{"start":{"line":4,"column":57},"end":{"line":4,"column":77}},{"start":{"line":4,"column":77},"end":{"line":4,"column":80}}],"line":4},"1":{"loc":{"start":{"line":5,"column":52},"end":{"line":5,"column":73}},"type":"binary-expr","locations":[{"start":{"line":5,"column":52},"end":{"line":5,"column":70}},{"start":{"line":5,"column":70},"end":{"line":5,"column":73}}],"line":5}},"s":{"0":1,"1":1800,"2":1,"3":1800,"4":2,"5":1},"f":{"0":1800,"1":1800,"2":2,"3":1},"b":{"0":[2,1],"1":[1,0]},"meta":{"lastBranch":2,"lastFunction":4,"lastStatement":6,"seen":{"s:2:18:2:Infinity":0,"f:2:44:2:48":0,"s:2:59:2:100":1,"s:3:14:3:Infinity":2,"f:3:32:3:37":1,"s:3:52:3:64":3,"f:4:16:4:25":2,"s:4:50:4:80":4,"b:4:57:4:77:4:77:4:80":0,"f:5:16:5:22":3,"s:5:45:5:73":5,"b:5:52:5:70:5:70:5:73":1},"fnNames":{}}},"/workspace/scratch/3be8439307aa/p29-vitest-example/src/features/feature-09.ts":{"path":"/workspace/scratch/3be8439307aa/p29-vitest-example/src/features/feature-09.ts","statementMap":{"0":{"start":{"line":2,"column":18},"end":{"line":2,"column":null}},"1":{"start":{"line":2,"column":59},"end":{"line":2,"column":100}},"2":{"start":{"line":3,"column":14},"end":{"line":3,"column":null}},"3":{"start":{"line":3,"column":52},"end":{"line":3,"column":64}},"4":{"start":{"line":4,"column":50},"end":{"line":4,"column":80}},"5":{"start":{"line":5,"column":45},"end":{"line":5,"column":73}}},"fnMap":{"0":{"name":"(anonymous_0)","decl":{"start":{"line":2,"column":44},"end":{"line":2,"column":48}},"loc":{"start":{"line":2,"column":59},"end":{"line":2,"column":100}},"line":2},"1":{"name":"(anonymous_1)","decl":{"start":{"line":3,"column":32},"end":{"line":3,"column":37}},"loc":{"start":{"line":3,"column":52},"end":{"line":3,"column":64}},"line":3},"2":{"name":"lookup09","decl":{"start":{"line":4,"column":16},"end":{"line":4,"column":25}},"loc":{"start":{"line":4,"column":48},"end":{"line":4,"column":null}},"line":4},"3":{"name":"key09","decl":{"start":{"line":5,"column":16},"end":{"line":5,"column":22}},"loc":{"start":{"line":5,"column":43},"end":{"line":5,"column":null}},"line":5}},"branchMap":{"0":{"loc":{"start":{"line":4,"column":57},"end":{"line":4,"column":80}},"type":"binary-expr","locations":[{"start":{"line":4,"column":57},"end":{"line":4,"column":77}},{"start":{"line":4,"column":77},"end":{"line":4,"column":80}}],"line":4},"1":{"loc":{"start":{"line":5,"column":52},"end":{"line":5,"column":73}},"type":"binary-expr","locations":[{"start":{"line":5,"column":52},"end":{"line":5,"column":70}},{"start":{"line":5,"column":70},"end":{"line":5,"column":73}}],"line":5}},"s":{"0":1,"1":1800,"2":1,"3":1800,"4":2,"5":1},"f":{"0":1800,"1":1800,"2":2,"3":1},"b":{"0":[2,1],"1":[1,0]},"meta":{"lastBranch":2,"lastFunction":4,"lastStatement":6,"seen":{"s:2:18:2:Infinity":0,"f:2:44:2:48":0,"s:2:59:2:100":1,"s:3:14:3:Infinity":2,"f:3:32:3:37":1,"s:3:52:3:64":3,"f:4:16:4:25":2,"s:4:50:4:80":4,"b:4:57:4:77:4:77:4:80":0,"f:5:16:5:22":3,"s:5:45:5:73":5,"b:5:52:5:70:5:70:5:73":1},"fnNames":{}}},"/workspace/scratch/3be8439307aa/p29-vitest-example/src/features/feature-15.ts":{"path":"/workspace/scratch/3be8439307aa/p29-vitest-example/src/features/feature-15.ts","statementMap":{"0":{"start":{"line":2,"column":18},"end":{"line":2,"column":null}},"1":{"start":{"line":2,"column":59},"end":{"line":2,"column":100}},"2":{"start":{"line":3,"column":14},"end":{"line":3,"column":null}},"3":{"start":{"line":3,"column":52},"end":{"line":3,"column":64}},"4":{"start":{"line":4,"column":50},"end":{"line":4,"column":80}},"5":{"start":{"line":5,"column":45},"end":{"line":5,"column":73}}},"fnMap":{"0":{"name":"(anonymous_0)","decl":{"start":{"line":2,"column":44},"end":{"line":2,"column":48}},"loc":{"start":{"line":2,"column":59},"end":{"line":2,"column":100}},"line":2},"1":{"name":"(anonymous_1)","decl":{"start":{"line":3,"column":32},"end":{"line":3,"column":37}},"loc":{"start":{"line":3,"column":52},"end":{"line":3,"column":64}},"line":3},"2":{"name":"lookup15","decl":{"start":{"line":4,"column":16},"end":{"line":4,"column":25}},"loc":{"start":{"line":4,"column":48},"end":{"line":4,"column":null}},"line":4},"3":{"name":"key15","decl":{"start":{"line":5,"column":16},"end":{"line":5,"column":22}},"loc":{"start":{"line":5,"column":43},"end":{"line":5,"column":null}},"line":5}},"branchMap":{"0":{"loc":{"start":{"line":4,"column":57},"end":{"line":4,"column":80}},"type":"binary-expr","locations":[{"start":{"line":4,"column":57},"end":{"line":4,"column":77}},{"start":{"line":4,"column":77},"end":{"line":4,"column":80}}],"line":4},"1":{"loc":{"start":{"line":5,"column":52},"end":{"line":5,"column":73}},"type":"binary-expr","locations":[{"start":{"line":5,"column":52},"end":{"line":5,"column":70}},{"start":{"line":5,"column":70},"end":{"line":5,"column":73}}],"line":5}},"s":{"0":1,"1":1800,"2":1,"3":1800,"4":2,"5":1},"f":{"0":1800,"1":1800,"2":2,"3":1},"b":{"0":[2,1],"1":[1,0]},"meta":{"lastBranch":2,"lastFunction":4,"lastStatement":6,"seen":{"s:2:18:2:Infinity":0,"f:2:44:2:48":0,"s:2:59:2:100":1,"s:3:14:3:Infinity":2,"f:3:32:3:37":1,"s:3:52:3:64":3,"f:4:16:4:25":2,"s:4:50:4:80":4,"b:4:57:4:77:4:77:4:80":0,"f:5:16:5:22":3,"s:5:45:5:73":5,"b:5:52:5:70:5:70:5:73":1},"fnNames":{}}},"/workspace/scratch/3be8439307aa/p29-vitest-example/src/features/feature-10.ts":{"path":"/workspace/scratch/3be8439307aa/p29-vitest-example/src/features/feature-10.ts","statementMap":{"0":{"start":{"line":2,"column":18},"end":{"line":2,"column":null}},"1":{"start":{"line":2,"column":59},"end":{"line":2,"column":100}},"2":{"start":{"line":3,"column":14},"end":{"line":3,"column":null}},"3":{"start":{"line":3,"column":52},"end":{"line":3,"column":64}},"4":{"start":{"line":4,"column":50},"end":{"line":4,"column":80}},"5":{"start":{"line":5,"column":45},"end":{"line":5,"column":73}}},"fnMap":{"0":{"name":"(anonymous_0)","decl":{"start":{"line":2,"column":44},"end":{"line":2,"column":48}},"loc":{"start":{"line":2,"column":59},"end":{"line":2,"column":100}},"line":2},"1":{"name":"(anonymous_1)","decl":{"start":{"line":3,"column":32},"end":{"line":3,"column":37}},"loc":{"start":{"line":3,"column":52},"end":{"line":3,"column":64}},"line":3},"2":{"name":"lookup10","decl":{"start":{"line":4,"column":16},"end":{"line":4,"column":25}},"loc":{"start":{"line":4,"column":48},"end":{"line":4,"column":null}},"line":4},"3":{"name":"key10","decl":{"start":{"line":5,"column":16},"end":{"line":5,"column":22}},"loc":{"start":{"line":5,"column":43},"end":{"line":5,"column":null}},"line":5}},"branchMap":{"0":{"loc":{"start":{"line":4,"column":57},"end":{"line":4,"column":80}},"type":"binary-expr","locations":[{"start":{"line":4,"column":57},"end":{"line":4,"column":77}},{"start":{"line":4,"column":77},"end":{"line":4,"column":80}}],"line":4},"1":{"loc":{"start":{"line":5,"column":52},"end":{"line":5,"column":73}},"type":"binary-expr","locations":[{"start":{"line":5,"column":52},"end":{"line":5,"column":70}},{"start":{"line":5,"column":70},"end":{"line":5,"column":73}}],"line":5}},"s":{"0":1,"1":1800,"2":1,"3":1800,"4":2,"5":1},"f":{"0":1800,"1":1800,"2":2,"3":1},"b":{"0":[2,1],"1":[1,0]},"meta":{"lastBranch":2,"lastFunction":4,"lastStatement":6,"seen":{"s:2:18:2:Infinity":0,"f:2:44:2:48":0,"s:2:59:2:100":1,"s:3:14:3:Infinity":2,"f:3:32:3:37":1,"s:3:52:3:64":3,"f:4:16:4:25":2,"s:4:50:4:80":4,"b:4:57:4:77:4:77:4:80":0,"f:5:16:5:22":3,"s:5:45:5:73":5,"b:5:52:5:70:5:70:5:73":1},"fnNames":{}}},"/workspace/scratch/3be8439307aa/p29-vitest-example/src/features/feature-13.ts":{"path":"/workspace/scratch/3be8439307aa/p29-vitest-example/src/features/feature-13.ts","statementMap":{"0":{"start":{"line":2,"column":18},"end":{"line":2,"column":null}},"1":{"start":{"line":2,"column":59},"end":{"line":2,"column":100}},"2":{"start":{"line":3,"column":14},"end":{"line":3,"column":null}},"3":{"start":{"line":3,"column":52},"end":{"line":3,"column":64}},"4":{"start":{"line":4,"column":50},"end":{"line":4,"column":80}},"5":{"start":{"line":5,"column":45},"end":{"line":5,"column":73}}},"fnMap":{"0":{"name":"(anonymous_0)","decl":{"start":{"line":2,"column":44},"end":{"line":2,"column":48}},"loc":{"start":{"line":2,"column":59},"end":{"line":2,"column":100}},"line":2},"1":{"name":"(anonymous_1)","decl":{"start":{"line":3,"column":32},"end":{"line":3,"column":37}},"loc":{"start":{"line":3,"column":52},"end":{"line":3,"column":64}},"line":3},"2":{"name":"lookup13","decl":{"start":{"line":4,"column":16},"end":{"line":4,"column":25}},"loc":{"start":{"line":4,"column":48},"end":{"line":4,"column":null}},"line":4},"3":{"name":"key13","decl":{"start":{"line":5,"column":16},"end":{"line":5,"column":22}},"loc":{"start":{"line":5,"column":43},"end":{"line":5,"column":null}},"line":5}},"branchMap":{"0":{"loc":{"start":{"line":4,"column":57},"end":{"line":4,"column":80}},"type":"binary-expr","locations":[{"start":{"line":4,"column":57},"end":{"line":4,"column":77}},{"start":{"line":4,"column":77},"end":{"line":4,"column":80}}],"line":4},"1":{"loc":{"start":{"line":5,"column":52},"end":{"line":5,"column":73}},"type":"binary-expr","locations":[{"start":{"line":5,"column":52},"end":{"line":5,"column":70}},{"start":{"line":5,"column":70},"end":{"line":5,"column":73}}],"line":5}},"s":{"0":1,"1":1800,"2":1,"3":1800,"4":2,"5":1},"f":{"0":1800,"1":1800,"2":2,"3":1},"b":{"0":[2,1],"1":[1,0]},"meta":{"lastBranch":2,"lastFunction":4,"lastStatement":6,"seen":{"s:2:18:2:Infinity":0,"f:2:44:2:48":0,"s:2:59:2:100":1,"s:3:14:3:Infinity":2,"f:3:32:3:37":1,"s:3:52:3:64":3,"f:4:16:4:25":2,"s:4:50:4:80":4,"b:4:57:4:77:4:77:4:80":0,"f:5:16:5:22":3,"s:5:45:5:73":5,"b:5:52:5:70:5:70:5:73":1},"fnNames":{}}},"/workspace/scratch/3be8439307aa/p29-vitest-example/src/features/feature-12.ts":{"path":"/workspace/scratch/3be8439307aa/p29-vitest-example/src/features/feature-12.ts","statementMap":{"0":{"start":{"line":2,"column":18},"end":{"line":2,"column":null}},"1":{"start":{"line":2,"column":59},"end":{"line":2,"column":100}},"2":{"start":{"line":3,"column":14},"end":{"line":3,"column":null}},"3":{"start":{"line":3,"column":52},"end":{"line":3,"column":64}},"4":{"start":{"line":4,"column":50},"end":{"line":4,"column":80}},"5":{"start":{"line":5,"column":45},"end":{"line":5,"column":73}}},"fnMap":{"0":{"name":"(anonymous_0)","decl":{"start":{"line":2,"column":44},"end":{"line":2,"column":48}},"loc":{"start":{"line":2,"column":59},"end":{"line":2,"column":100}},"line":2},"1":{"name":"(anonymous_1)","decl":{"start":{"line":3,"column":32},"end":{"line":3,"column":37}},"loc":{"start":{"line":3,"column":52},"end":{"line":3,"column":64}},"line":3},"2":{"name":"lookup12","decl":{"start":{"line":4,"column":16},"end":{"line":4,"column":25}},"loc":{"start":{"line":4,"column":48},"end":{"line":4,"column":null}},"line":4},"3":{"name":"key12","decl":{"start":{"line":5,"column":16},"end":{"line":5,"column":22}},"loc":{"start":{"line":5,"column":43},"end":{"line":5,"column":null}},"line":5}},"branchMap":{"0":{"loc":{"start":{"line":4,"column":57},"end":{"line":4,"column":80}},"type":"binary-expr","locations":[{"start":{"line":4,"column":57},"end":{"line":4,"column":77}},{"start":{"line":4,"column":77},"end":{"line":4,"column":80}}],"line":4},"1":{"loc":{"start":{"line":5,"column":52},"end":{"line":5,"column":73}},"type":"binary-expr","locations":[{"start":{"line":5,"column":52},"end":{"line":5,"column":70}},{"start":{"line":5,"column":70},"end":{"line":5,"column":73}}],"line":5}},"s":{"0":1,"1":1800,"2":1,"3":1800,"4":2,"5":1},"f":{"0":1800,"1":1800,"2":2,"3":1},"b":{"0":[2,1],"1":[1,0]},"meta":{"lastBranch":2,"lastFunction":4,"lastStatement":6,"seen":{"s:2:18:2:Infinity":0,"f:2:44:2:48":0,"s:2:59:2:100":1,"s:3:14:3:Infinity":2,"f:3:32:3:37":1,"s:3:52:3:64":3,"f:4:16:4:25":2,"s:4:50:4:80":4,"b:4:57:4:77:4:77:4:80":0,"f:5:16:5:22":3,"s:5:45:5:73":5,"b:5:52:5:70:5:70:5:73":1},"fnNames":{}}},"/workspace/scratch/3be8439307aa/p29-vitest-example/src/features/feature-16.ts":{"path":"/workspace/scratch/3be8439307aa/p29-vitest-example/src/features/feature-16.ts","statementMap":{"0":{"start":{"line":2,"column":18},"end":{"line":2,"column":null}},"1":{"start":{"line":2,"column":59},"end":{"line":2,"column":100}},"2":{"start":{"line":3,"column":14},"end":{"line":3,"column":null}},"3":{"start":{"line":3,"column":52},"end":{"line":3,"column":64}},"4":{"start":{"line":4,"column":50},"end":{"line":4,"column":80}},"5":{"start":{"line":5,"column":45},"end":{"line":5,"column":73}}},"fnMap":{"0":{"name":"(anonymous_0)","decl":{"start":{"line":2,"column":44},"end":{"line":2,"column":48}},"loc":{"start":{"line":2,"column":59},"end":{"line":2,"column":100}},"line":2},"1":{"name":"(anonymous_1)","decl":{"start":{"line":3,"column":32},"end":{"line":3,"column":37}},"loc":{"start":{"line":3,"column":52},"end":{"line":3,"column":64}},"line":3},"2":{"name":"lookup16","decl":{"start":{"line":4,"column":16},"end":{"line":4,"column":25}},"loc":{"start":{"line":4,"column":48},"end":{"line":4,"column":null}},"line":4},"3":{"name":"key16","decl":{"start":{"line":5,"column":16},"end":{"line":5,"column":22}},"loc":{"start":{"line":5,"column":43},"end":{"line":5,"column":null}},"line":5}},"branchMap":{"0":{"loc":{"start":{"line":4,"column":57},"end":{"line":4,"column":80}},"type":"binary-expr","locations":[{"start":{"line":4,"column":57},"end":{"line":4,"column":77}},{"start":{"line":4,"column":77},"end":{"line":4,"column":80}}],"line":4},"1":{"loc":{"start":{"line":5,"column":52},"end":{"line":5,"column":73}},"type":"binary-expr","locations":[{"start":{"line":5,"column":52},"end":{"line":5,"column":70}},{"start":{"line":5,"column":70},"end":{"line":5,"column":73}}],"line":5}},"s":{"0":1,"1":1800,"2":1,"3":1800,"4":2,"5":1},"f":{"0":1800,"1":1800,"2":2,"3":1},"b":{"0":[2,1],"1":[1,0]},"meta":{"lastBranch":2,"lastFunction":4,"lastStatement":6,"seen":{"s:2:18:2:Infinity":0,"f:2:44:2:48":0,"s:2:59:2:100":1,"s:3:14:3:Infinity":2,"f:3:32:3:37":1,"s:3:52:3:64":3,"f:4:16:4:25":2,"s:4:50:4:80":4,"b:4:57:4:77:4:77:4:80":0,"f:5:16:5:22":3,"s:5:45:5:73":5,"b:5:52:5:70:5:70:5:73":1},"fnNames":{}}},"/workspace/scratch/3be8439307aa/p29-vitest-example/src/features/feature-11.ts":{"path":"/workspace/scratch/3be8439307aa/p29-vitest-example/src/features/feature-11.ts","statementMap":{"0":{"start":{"line":2,"column":18},"end":{"line":2,"column":null}},"1":{"start":{"line":2,"column":59},"end":{"line":2,"column":100}},"2":{"start":{"line":3,"column":14},"end":{"line":3,"column":null}},"3":{"start":{"line":3,"column":52},"end":{"line":3,"column":64}},"4":{"start":{"line":4,"column":50},"end":{"line":4,"column":80}},"5":{"start":{"line":5,"column":45},"end":{"line":5,"column":73}}},"fnMap":{"0":{"name":"(anonymous_0)","decl":{"start":{"line":2,"column":44},"end":{"line":2,"column":48}},"loc":{"start":{"line":2,"column":59},"end":{"line":2,"column":100}},"line":2},"1":{"name":"(anonymous_1)","decl":{"start":{"line":3,"column":32},"end":{"line":3,"column":37}},"loc":{"start":{"line":3,"column":52},"end":{"line":3,"column":64}},"line":3},"2":{"name":"lookup11","decl":{"start":{"line":4,"column":16},"end":{"line":4,"column":25}},"loc":{"start":{"line":4,"column":48},"end":{"line":4,"column":null}},"line":4},"3":{"name":"key11","decl":{"start":{"line":5,"column":16},"end":{"line":5,"column":22}},"loc":{"start":{"line":5,"column":43},"end":{"line":5,"column":null}},"line":5}},"branchMap":{"0":{"loc":{"start":{"line":4,"column":57},"end":{"line":4,"column":80}},"type":"binary-expr","locations":[{"start":{"line":4,"column":57},"end":{"line":4,"column":77}},{"start":{"line":4,"column":77},"end":{"line":4,"column":80}}],"line":4},"1":{"loc":{"start":{"line":5,"column":52},"end":{"line":5,"column":73}},"type":"binary-expr","locations":[{"start":{"line":5,"column":52},"end":{"line":5,"column":70}},{"start":{"line":5,"column":70},"end":{"line":5,"column":73}}],"line":5}},"s":{"0":1,"1":1800,"2":1,"3":1800,"4":2,"5":1},"f":{"0":1800,"1":1800,"2":2,"3":1},"b":{"0":[2,1],"1":[1,0]},"meta":{"lastBranch":2,"lastFunction":4,"lastStatement":6,"seen":{"s:2:18:2:Infinity":0,"f:2:44:2:48":0,"s:2:59:2:100":1,"s:3:14:3:Infinity":2,"f:3:32:3:37":1,"s:3:52:3:64":3,"f:4:16:4:25":2,"s:4:50:4:80":4,"b:4:57:4:77:4:77:4:80":0,"f:5:16:5:22":3,"s:5:45:5:73":5,"b:5:52:5:70:5:70:5:73":1},"fnNames":{}}},"/workspace/scratch/3be8439307aa/p29-vitest-example/src/features/feature-14.ts":{"path":"/workspace/scratch/3be8439307aa/p29-vitest-example/src/features/feature-14.ts","statementMap":{"0":{"start":{"line":2,"column":18},"end":{"line":2,"column":null}},"1":{"start":{"line":2,"column":59},"end":{"line":2,"column":100}},"2":{"start":{"line":3,"column":14},"end":{"line":3,"column":null}},"3":{"start":{"line":3,"column":52},"end":{"line":3,"column":64}},"4":{"start":{"line":4,"column":50},"end":{"line":4,"column":80}},"5":{"start":{"line":5,"column":45},"end":{"line":5,"column":73}}},"fnMap":{"0":{"name":"(anonymous_0)","decl":{"start":{"line":2,"column":44},"end":{"line":2,"column":48}},"loc":{"start":{"line":2,"column":59},"end":{"line":2,"column":100}},"line":2},"1":{"name":"(anonymous_1)","decl":{"start":{"line":3,"column":32},"end":{"line":3,"column":37}},"loc":{"start":{"line":3,"column":52},"end":{"line":3,"column":64}},"line":3},"2":{"name":"lookup14","decl":{"start":{"line":4,"column":16},"end":{"line":4,"column":25}},"loc":{"start":{"line":4,"column":48},"end":{"line":4,"column":null}},"line":4},"3":{"name":"key14","decl":{"start":{"line":5,"column":16},"end":{"line":5,"column":22}},"loc":{"start":{"line":5,"column":43},"end":{"line":5,"column":null}},"line":5}},"branchMap":{"0":{"loc":{"start":{"line":4,"column":57},"end":{"line":4,"column":80}},"type":"binary-expr","locations":[{"start":{"line":4,"column":57},"end":{"line":4,"column":77}},{"start":{"line":4,"column":77},"end":{"line":4,"column":80}}],"line":4},"1":{"loc":{"start":{"line":5,"column":52},"end":{"line":5,"column":73}},"type":"binary-expr","locations":[{"start":{"line":5,"column":52},"end":{"line":5,"column":70}},{"start":{"line":5,"column":70},"end":{"line":5,"column":73}}],"line":5}},"s":{"0":1,"1":1800,"2":1,"3":1800,"4":2,"5":1},"f":{"0":1800,"1":1800,"2":2,"3":1},"b":{"0":[2,1],"1":[1,0]},"meta":{"lastBranch":2,"lastFunction":4,"lastStatement":6,"seen":{"s:2:18:2:Infinity":0,"f:2:44:2:48":0,"s:2:59:2:100":1,"s:3:14:3:Infinity":2,"f:3:32:3:37":1,"s:3:52:3:64":3,"f:4:16:4:25":2,"s:4:50:4:80":4,"b:4:57:4:77:4:77:4:80":0,"f:5:16:5:22":3,"s:5:45:5:73":5,"b:5:52:5:70:5:70:5:73":1},"fnNames":{}}}}}