{"numTotalTestSuites":32,"numPassedTestSuites":32,"numFailedTestSuites":0,"numPendingTestSuites":0,"numTotalTests":32,"numPassedTests":32,"numFailedTests":0,"numPendingTests":0,"numTodoTests":0,"snapshot":{"added":0,"failure":false,"filesAdded":0,"filesRemoved":0,"filesRemovedList":[],"filesUnmatched":0,"filesUpdated":0,"matched":16,"total":16,"unchecked":0,"uncheckedKeysByFile":[],"unmatched":0,"updated":0,"didUpdate":false},"startTime":1789987581137,"success":true,"testResults":[{"assertionResults":[{"ancestorTitles":["feature-01"],"fullName":"feature-01 round-trips a catalogue key","status":"passed","title":"round-trips a catalogue key","duration":21.332629999999995,"failureMessages":[],"meta":{},"tags":[],"benchmarks":[]},{"ancestorTitles":["feature-01"],"fullName":"feature-01 returns -1 for an unknown key","status":"passed","title":"returns -1 for an unknown key","duration":0.3114350000000172,"failureMessages":[],"meta":{},"tags":[],"benchmarks":[]}],"startTime":1789987581593,"endTime":1789987581615.3115,"status":"passed","message":"","name":"/workspace/scratch/3be8439307aa/p29-vitest-example/tests/feature-01.test.ts"},{"assertionResults":[{"ancestorTitles":["feature-02"],"fullName":"feature-02 round-trips a catalogue key","status":"passed","title":"round-trips a catalogue key","duration":9.755929999999978,"failureMessages":[],"meta":{},"tags":[],"benchmarks":[]},{"ancestorTitles":["feature-02"],"fullName":"feature-02 returns -1 for an unknown key","status":"passed","title":"returns -1 for an unknown key","duration":0.4081820000000107,"failureMessages":[],"meta":{},"tags":[],"benchmarks":[]}],"startTime":1789987581592,"endTime":1789987581602.4082,"status":"passed","message":"","name":"/workspace/scratch/3be8439307aa/p29-vitest-example/tests/feature-02.test.ts"},{"assertionResults":[{"ancestorTitles":["feature-03"],"fullName":"feature-03 round-trips a catalogue key","status":"passed","title":"round-trips a catalogue key","duration":9.465488999999991,"failureMessages":[],"meta":{},"tags":[],"benchmarks":[]},{"ancestorTitles":["feature-03"],"fullName":"feature-03 returns -1 for an unknown key","status":"passed","title":"returns -1 for an unknown key","duration":0.5082859999999982,"failureMessages":[],"meta":{},"tags":[],"benchmarks":[]}],"startTime":1789987581563,"endTime":1789987581573.5083,"status":"passed","message":"","name":"/workspace/scratch/3be8439307aa/p29-vitest-example/tests/feature-03.test.ts"},{"assertionResults":[{"ancestorTitles":["feature-04"],"fullName":"feature-04 round-trips a catalogue key","status":"passed","title":"round-trips a catalogue key","duration":22.180841999999984,"failureMessages":[],"meta":{},"tags":[],"benchmarks":[]},{"ancestorTitles":["feature-04"],"fullName":"feature-04 returns -1 for an unknown key","status":"passed","title":"returns -1 for an unknown key","duration":0.4737529999999879,"failureMessages":[],"meta":{},"tags":[],"benchmarks":[]}],"startTime":1789987581598,"endTime":1789987581621.4736,"status":"passed","message":"","name":"/workspace/scratch/3be8439307aa/p29-vitest-example/tests/feature-04.test.ts"},{"assertionResults":[{"ancestorTitles":["feature-05"],"fullName":"feature-05 round-trips a catalogue key","status":"passed","title":"round-trips a catalogue key","duration":13.139570000000049,"failureMessages":[],"meta":{},"tags":[],"benchmarks":[]},{"ancestorTitles":["feature-05"],"fullName":"feature-05 returns -1 for an unknown key","status":"passed","title":"returns -1 for an unknown key","duration":0.3526480000000447,"failureMessages":[],"meta":{},"tags":[],"benchmarks":[]}],"startTime":1789987581954,"endTime":1789987581968.3525,"status":"passed","message":"","name":"/workspace/scratch/3be8439307aa/p29-vitest-example/tests/feature-05.test.ts"},{"assertionResults":[{"ancestorTitles":["feature-06"],"fullName":"feature-06 round-trips a catalogue key","status":"passed","title":"round-trips a catalogue key","duration":13.438310999999999,"failureMessages":[],"meta":{},"tags":[],"benchmarks":[]},{"ancestorTitles":["feature-06"],"fullName":"feature-06 returns -1 for an unknown key","status":"passed","title":"returns -1 for an unknown key","duration":0.36686699999995653,"failureMessages":[],"meta":{},"tags":[],"benchmarks":[]}],"startTime":1789987581956,"endTime":1789987581969.4382,"status":"passed","message":"","name":"/workspace/scratch/3be8439307aa/p29-vitest-example/tests/feature-06.test.ts"},{"assertionResults":[{"ancestorTitles":["feature-07"],"fullName":"feature-07 round-trips a catalogue key","status":"passed","title":"round-trips a catalogue key","duration":10.35127799999998,"failureMessages":[],"meta":{},"tags":[],"benchmarks":[]},{"ancestorTitles":["feature-07"],"fullName":"feature-07 returns -1 for an unknown key","status":"passed","title":"returns -1 for an unknown key","duration":0.25062800000000607,"failureMessages":[],"meta":{},"tags":[],"benchmarks":[]}],"startTime":1789987581973,"endTime":1789987581983.3513,"status":"passed","message":"","name":"/workspace/scratch/3be8439307aa/p29-vitest-example/tests/feature-07.test.ts"},{"assertionResults":[{"ancestorTitles":["feature-08"],"fullName":"feature-08 round-trips a catalogue key","status":"passed","title":"round-trips a catalogue key","duration":13.107177999999976,"failureMessages":[],"meta":{},"tags":[],"benchmarks":[]},{"ancestorTitles":["feature-08"],"fullName":"feature-08 returns -1 for an unknown key","status":"passed","title":"returns -1 for an unknown key","duration":0.398050000000012,"failureMessages":[],"meta":{},"tags":[],"benchmarks":[]}],"startTime":1789987581963,"endTime":1789987581976.398,"status":"passed","message":"","name":"/workspace/scratch/3be8439307aa/p29-vitest-example/tests/feature-08.test.ts"},{"assertionResults":[{"ancestorTitles":["feature-09"],"fullName":"feature-09 round-trips a catalogue key","status":"passed","title":"round-trips a catalogue key","duration":12.180011999999977,"failureMessages":[],"meta":{},"tags":[],"benchmarks":[]},{"ancestorTitles":["feature-09"],"fullName":"feature-09 returns -1 for an unknown key","status":"passed","title":"returns -1 for an unknown key","duration":0.41954199999997854,"failureMessages":[],"meta":{},"tags":[],"benchmarks":[]}],"startTime":1789987582326,"endTime":1789987582338.4194,"status":"passed","message":"","name":"/workspace/scratch/3be8439307aa/p29-vitest-example/tests/feature-09.test.ts"},{"assertionResults":[{"ancestorTitles":["feature-10"],"fullName":"feature-10 round-trips a catalogue key","status":"passed","title":"round-trips a catalogue key","duration":14.040208000000007,"failureMessages":[],"meta":{},"tags":[],"benchmarks":[]},{"ancestorTitles":["feature-10"],"fullName":"feature-10 returns -1 for an unknown key","status":"passed","title":"returns -1 for an unknown key","duration":0.4658670000000029,"failureMessages":[],"meta":{},"tags":[],"benchmarks":[]}],"startTime":1789987582335,"endTime":1789987582349.4658,"status":"passed","message":"","name":"/workspace/scratch/3be8439307aa/p29-vitest-example/tests/feature-10.test.ts"},{"assertionResults":[{"ancestorTitles":["feature-11"],"fullName":"feature-11 round-trips a catalogue key","status":"passed","title":"round-trips a catalogue key","duration":13.702855999999997,"failureMessages":[],"meta":{},"tags":[],"benchmarks":[]},{"ancestorTitles":["feature-11"],"fullName":"feature-11 returns -1 for an unknown key","status":"passed","title":"returns -1 for an unknown key","duration":0.2586819999999648,"failureMessages":[],"meta":{},"tags":[],"benchmarks":[]}],"startTime":1789987582341,"endTime":1789987582355.2588,"status":"passed","message":"","name":"/workspace/scratch/3be8439307aa/p29-vitest-example/tests/feature-11.test.ts"},{"assertionResults":[{"ancestorTitles":["feature-12"],"fullName":"feature-12 round-trips a catalogue key","status":"passed","title":"round-trips a catalogue key","duration":21.608113000000003,"failureMessages":[],"meta":{},"tags":[],"benchmarks":[]},{"ancestorTitles":["feature-12"],"fullName":"feature-12 returns -1 for an unknown key","status":"passed","title":"returns -1 for an unknown key","duration":0.3887680000000273,"failureMessages":[],"meta":{},"tags":[],"benchmarks":[]}],"startTime":1789987582341,"endTime":1789987582362.6082,"status":"passed","message":"","name":"/workspace/scratch/3be8439307aa/p29-vitest-example/tests/feature-12.test.ts"},{"assertionResults":[{"ancestorTitles":["feature-13"],"fullName":"feature-13 round-trips a catalogue key","status":"passed","title":"round-trips a catalogue key","duration":13.899821999999972,"failureMessages":[],"meta":{},"tags":[],"benchmarks":[]},{"ancestorTitles":["feature-13"],"fullName":"feature-13 returns -1 for an unknown key","status":"passed","title":"returns -1 for an unknown key","duration":0.467158999999981,"failureMessages":[],"meta":{},"tags":[],"benchmarks":[]}],"startTime":1789987582695,"endTime":1789987582709.467,"status":"passed","message":"","name":"/workspace/scratch/3be8439307aa/p29-vitest-example/tests/feature-13.test.ts"},{"assertionResults":[{"ancestorTitles":["feature-14"],"fullName":"feature-14 round-trips a catalogue key","status":"passed","title":"round-trips a catalogue key","duration":25.769110999999953,"failureMessages":[],"meta":{},"tags":[],"benchmarks":[]},{"ancestorTitles":["feature-14"],"fullName":"feature-14 returns -1 for an unknown key","status":"passed","title":"returns -1 for an unknown key","duration":8.584144000000038,"failureMessages":[],"meta":{},"tags":[],"benchmarks":[]}],"startTime":1789987583059,"endTime":1789987583094.5842,"status":"passed","message":"","name":"/workspace/scratch/3be8439307aa/p29-vitest-example/tests/feature-14.test.ts"},{"assertionResults":[{"ancestorTitles":["feature-15"],"fullName":"feature-15 round-trips a catalogue key","status":"passed","title":"round-trips a catalogue key","duration":11.125564999999995,"failureMessages":[],"meta":{},"tags":[],"benchmarks":[]},{"ancestorTitles":["feature-15"],"fullName":"feature-15 returns -1 for an unknown key","status":"passed","title":"returns -1 for an unknown key","duration":0.395595999999955,"failureMessages":[],"meta":{},"tags":[],"benchmarks":[]}],"startTime":1789987582752,"endTime":1789987582763.3955,"status":"passed","message":"","name":"/workspace/scratch/3be8439307aa/p29-vitest-example/tests/feature-15.test.ts"},{"assertionResults":[{"ancestorTitles":["feature-16"],"fullName":"feature-16 round-trips a catalogue key","status":"passed","title":"round-trips a catalogue key","duration":15.165364000000011,"failureMessages":[],"meta":{},"tags":[],"benchmarks":[]},{"ancestorTitles":["feature-16"],"fullName":"feature-16 returns -1 for an unknown key","status":"passed","title":"returns -1 for an unknown key","duration":0.5740379999999732,"failureMessages":[],"meta":{},"tags":[],"benchmarks":[]}],"startTime":1789987582698,"endTime":1789987582714.574,"status":"passed","message":"","name":"/workspace/scratch/3be8439307aa/p29-vitest-example/tests/feature-16.test.ts"}],"coverageMap":{"/workspace/scratch/3be8439307aa/p29-vitest-example/src/features/feature-02.ts":{"path":"/workspace/scratch/3be8439307aa/p29-vitest-example/src/features/feature-02.ts","statementMap":{"0":{"start":{"line":2,"column":18},"end":{"line":2,"column":null}},"1":{"start":{"line":2,"column":59},"end":{"line":2,"column":100}},"2":{"start":{"line":3,"column":14},"end":{"line":3,"column":null}},"3":{"start":{"line":3,"column":52},"end":{"line":3,"column":64}},"4":{"start":{"line":4,"column":50},"end":{"line":4,"column":80}},"5":{"start":{"line":5,"column":45},"end":{"line":5,"column":73}}},"fnMap":{"0":{"name":"(anonymous_0)","decl":{"start":{"line":2,"column":44},"end":{"line":2,"column":48}},"loc":{"start":{"line":2,"column":59},"end":{"line":2,"column":100}},"line":2},"1":{"name":"(anonymous_1)","decl":{"start":{"line":3,"column":32},"end":{"line":3,"column":37}},"loc":{"start":{"line":3,"column":52},"end":{"line":3,"column":64}},"line":3},"2":{"name":"lookup02","decl":{"start":{"line":4,"column":16},"end":{"line":4,"column":25}},"loc":{"start":{"line":4,"column":48},"end":{"line":4,"column":null}},"line":4},"3":{"name":"key02","decl":{"start":{"line":5,"column":16},"end":{"line":5,"column":22}},"loc":{"start":{"line":5,"column":43},"end":{"line":5,"column":null}},"line":5}},"branchMap":{"0":{"loc":{"start":{"line":4,"column":57},"end":{"line":4,"column":80}},"type":"binary-expr","locations":[{"start":{"line":4,"column":57},"end":{"line":4,"column":77}},{"start":{"line":4,"column":77},"end":{"line":4,"column":80}}],"line":4},"1":{"loc":{"start":{"line":5,"column":52},"end":{"line":5,"column":73}},"type":"binary-expr","locations":[{"start":{"line":5,"column":52},"end":{"line":5,"column":70}},{"start":{"line":5,"column":70},"end":{"line":5,"column":73}}],"line":5}},"s":{"0":1,"1":1800,"2":1,"3":1800,"4":2,"5":1},"f":{"0":1800,"1":1800,"2":2,"3":1},"b":{"0":[2,1],"1":[1,0]},"meta":{"lastBranch":2,"lastFunction":4,"lastStatement":6,"seen":{"s:2:18:2:Infinity":0,"f:2:44:2:48":0,"s:2:59:2:100":1,"s:3:14:3:Infinity":2,"f:3:32:3:37":1,"s:3:52:3:64":3,"f:4:16:4:25":2,"s:4:50:4:80":4,"b:4:57:4:77:4:77:4:80":0,"f:5:16:5:22":3,"s:5:45:5:73":5,"b:5:52:5:70:5:70:5:73":1},"fnNames":{}}},"/workspace/scratch/3be8439307aa/p29-vitest-example/src/features/feature-05.ts":{"path":"/workspace/scratch/3be8439307aa/p29-vitest-example/src/features/feature-05.ts","statementMap":{"0":{"start":{"line":2,"column":18},"end":{"line":2,"column":null}},"1":{"start":{"line":2,"column":59},"end":{"line":2,"column":100}},"2":{"start":{"line":3,"column":14},"end":{"line":3,"column":null}},"3":{"start":{"line":3,"column":52},"end":{"line":3,"column":64}},"4":{"start":{"line":4,"column":50},"end":{"line":4,"column":80}},"5":{"start":{"line":5,"column":45},"end":{"line":5,"column":73}}},"fnMap":{"0":{"name":"(anonymous_0)","decl":{"start":{"line":2,"column":44},"end":{"line":2,"column":48}},"loc":{"start":{"line":2,"column":59},"end":{"line":2,"column":100}},"line":2},"1":{"name":"(anonymous_1)","decl":{"start":{"line":3,"column":32},"end":{"line":3,"column":37}},"loc":{"start":{"line":3,"column":52},"end":{"line":3,"column":64}},"line":3},"2":{"name":"lookup05","decl":{"start":{"line":4,"column":16},"end":{"line":4,"column":25}},"loc":{"start":{"line":4,"column":48},"end":{"line":4,"column":null}},"line":4},"3":{"name":"key05","decl":{"start":{"line":5,"column":16},"end":{"line":5,"column":22}},"loc":{"start":{"line":5,"column":43},"end":{"line":5,"column":null}},"line":5}},"branchMap":{"0":{"loc":{"start":{"line":4,"column":57},"end":{"line":4,"column":80}},"type":"binary-expr","locations":[{"start":{"line":4,"column":57},"end":{"line":4,"column":77}},{"start":{"line":4,"column":77},"end":{"line":4,"column":80}}],"line":4},"1":{"loc":{"start":{"line":5,"column":52},"end":{"line":5,"column":73}},"type":"binary-expr","locations":[{"start":{"line":5,"column":52},"end":{"line":5,"column":70}},{"start":{"line":5,"column":70},"end":{"line":5,"column":73}}],"line":5}},"s":{"0":1,"1":1800,"2":1,"3":1800,"4":2,"5":1},"f":{"0":1800,"1":1800,"2":2,"3":1},"b":{"0":[2,1],"1":[1,0]},"meta":{"lastBranch":2,"lastFunction":4,"lastStatement":6,"seen":{"s:2:18:2:Infinity":0,"f:2:44:2:48":0,"s:2:59:2:100":1,"s:3:14:3:Infinity":2,"f:3:32:3:37":1,"s:3:52:3:64":3,"f:4:16:4:25":2,"s:4:50:4:80":4,"b:4:57:4:77:4:77:4:80":0,"f:5:16:5:22":3,"s:5:45:5:73":5,"b:5:52:5:70:5:70:5:73":1},"fnNames":{}}},"/workspace/scratch/3be8439307aa/p29-vitest-example/src/features/feature-08.ts":{"path":"/workspace/scratch/3be8439307aa/p29-vitest-example/src/features/feature-08.ts","statementMap":{"0":{"start":{"line":2,"column":18},"end":{"line":2,"column":null}},"1":{"start":{"line":2,"column":59},"end":{"line":2,"column":100}},"2":{"start":{"line":3,"column":14},"end":{"line":3,"column":null}},"3":{"start":{"line":3,"column":52},"end":{"line":3,"column":64}},"4":{"start":{"line":4,"column":50},"end":{"line":4,"column":80}},"5":{"start":{"line":5,"column":45},"end":{"line":5,"column":73}}},"fnMap":{"0":{"name":"(anonymous_0)","decl":{"start":{"line":2,"column":44},"end":{"line":2,"column":48}},"loc":{"start":{"line":2,"column":59},"end":{"line":2,"column":100}},"line":2},"1":{"name":"(anonymous_1)","decl":{"start":{"line":3,"column":32},"end":{"line":3,"column":37}},"loc":{"start":{"line":3,"column":52},"end":{"line":3,"column":64}},"line":3},"2":{"name":"lookup08","decl":{"start":{"line":4,"column":16},"end":{"line":4,"column":25}},"loc":{"start":{"line":4,"column":48},"end":{"line":4,"column":null}},"line":4},"3":{"name":"key08","decl":{"start":{"line":5,"column":16},"end":{"line":5,"column":22}},"loc":{"start":{"line":5,"column":43},"end":{"line":5,"column":null}},"line":5}},"branchMap":{"0":{"loc":{"start":{"line":4,"column":57},"end":{"line":4,"column":80}},"type":"binary-expr","locations":[{"start":{"line":4,"column":57},"end":{"line":4,"column":77}},{"start":{"line":4,"column":77},"end":{"line":4,"column":80}}],"line":4},"1":{"loc":{"start":{"line":5,"column":52},"end":{"line":5,"column":73}},"type":"binary-expr","locations":[{"start":{"line":5,"column":52},"end":{"line":5,"column":70}},{"start":{"line":5,"column":70},"end":{"line":5,"column":73}}],"line":5}},"s":{"0":1,"1":1800,"2":1,"3":1800,"4":2,"5":1},"f":{"0":1800,"1":1800,"2":2,"3":1},"b":{"0":[2,1],"1":[1,0]},"meta":{"lastBranch":2,"lastFunction":4,"lastStatement":6,"seen":{"s:2:18:2:Infinity":0,"f:2:44:2:48":0,"s:2:59:2:100":1,"s:3:14:3:Infinity":2,"f:3:32:3:37":1,"s:3:52:3:64":3,"f:4:16:4:25":2,"s:4:50:4:80":4,"b:4:57:4:77:4:77:4:80":0,"f:5:16:5:22":3,"s:5:45:5:73":5,"b:5:52:5:70:5:70:5:73":1},"fnNames":{}}},"/workspace/scratch/3be8439307aa/p29-vitest-example/src/features/feature-07.ts":{"path":"/workspace/scratch/3be8439307aa/p29-vitest-example/src/features/feature-07.ts","statementMap":{"0":{"start":{"line":2,"column":18},"end":{"line":2,"column":null}},"1":{"start":{"line":2,"column":59},"end":{"line":2,"column":100}},"2":{"start":{"line":3,"column":14},"end":{"line":3,"column":null}},"3":{"start":{"line":3,"column":52},"end":{"line":3,"column":64}},"4":{"start":{"line":4,"column":50},"end":{"line":4,"column":80}},"5":{"start":{"line":5,"column":45},"end":{"line":5,"column":73}}},"fnMap":{"0":{"name":"(anonymous_0)","decl":{"start":{"line":2,"column":44},"end":{"line":2,"column":48}},"loc":{"start":{"line":2,"column":59},"end":{"line":2,"column":100}},"line":2},"1":{"name":"(anonymous_1)","decl":{"start":{"line":3,"column":32},"end":{"line":3,"column":37}},"loc":{"start":{"line":3,"column":52},"end":{"line":3,"column":64}},"line":3},"2":{"name":"lookup07","decl":{"start":{"line":4,"column":16},"end":{"line":4,"column":25}},"loc":{"start":{"line":4,"column":48},"end":{"line":4,"column":null}},"line":4},"3":{"name":"key07","decl":{"start":{"line":5,"column":16},"end":{"line":5,"column":22}},"loc":{"start":{"line":5,"column":43},"end":{"line":5,"column":null}},"line":5}},"branchMap":{"0":{"loc":{"start":{"line":4,"column":57},"end":{"line":4,"column":80}},"type":"binary-expr","locations":[{"start":{"line":4,"column":57},"end":{"line":4,"column":77}},{"start":{"line":4,"column":77},"end":{"line":4,"column":80}}],"line":4},"1":{"loc":{"start":{"line":5,"column":52},"end":{"line":5,"column":73}},"type":"binary-expr","locations":[{"start":{"line":5,"column":52},"end":{"line":5,"column":70}},{"start":{"line":5,"column":70},"end":{"line":5,"column":73}}],"line":5}},"s":{"0":1,"1":1800,"2":1,"3":1800,"4":2,"5":1},"f":{"0":1800,"1":1800,"2":2,"3":1},"b":{"0":[2,1],"1":[1,0]},"meta":{"lastBranch":2,"lastFunction":4,"lastStatement":6,"seen":{"s:2:18:2:Infinity":0,"f:2:44:2:48":0,"s:2:59:2:100":1,"s:3:14:3:Infinity":2,"f:3:32:3:37":1,"s:3:52:3:64":3,"f:4:16:4:25":2,"s:4:50:4:80":4,"b:4:57:4:77:4:77:4:80":0,"f:5:16:5:22":3,"s:5:45:5:73":5,"b:5:52:5:70:5:70:5:73":1},"fnNames":{}}},"/workspace/scratch/3be8439307aa/p29-vitest-example/src/features/feature-04.ts":{"path":"/workspace/scratch/3be8439307aa/p29-vitest-example/src/features/feature-04.ts","statementMap":{"0":{"start":{"line":2,"column":18},"end":{"line":2,"column":null}},"1":{"start":{"line":2,"column":59},"end":{"line":2,"column":100}},"2":{"start":{"line":3,"column":14},"end":{"line":3,"column":null}},"3":{"start":{"line":3,"column":52},"end":{"line":3,"column":64}},"4":{"start":{"line":4,"column":50},"end":{"line":4,"column":80}},"5":{"start":{"line":5,"column":45},"end":{"line":5,"column":73}}},"fnMap":{"0":{"name":"(anonymous_0)","decl":{"start":{"line":2,"column":44},"end":{"line":2,"column":48}},"loc":{"start":{"line":2,"column":59},"end":{"line":2,"column":100}},"line":2},"1":{"name":"(anonymous_1)","decl":{"start":{"line":3,"column":32},"end":{"line":3,"column":37}},"loc":{"start":{"line":3,"column":52},"end":{"line":3,"column":64}},"line":3},"2":{"name":"lookup04","decl":{"start":{"line":4,"column":16},"end":{"line":4,"column":25}},"loc":{"start":{"line":4,"column":48},"end":{"line":4,"column":null}},"line":4},"3":{"name":"key04","decl":{"start":{"line":5,"column":16},"end":{"line":5,"column":22}},"loc":{"start":{"line":5,"column":43},"end":{"line":5,"column":null}},"line":5}},"branchMap":{"0":{"loc":{"start":{"line":4,"column":57},"end":{"line":4,"column":80}},"type":"binary-expr","locations":[{"start":{"line":4,"column":57},"end":{"line":4,"column":77}},{"start":{"line":4,"column":77},"end":{"line":4,"column":80}}],"line":4},"1":{"loc":{"start":{"line":5,"column":52},"end":{"line":5,"column":73}},"type":"binary-expr","locations":[{"start":{"line":5,"column":52},"end":{"line":5,"column":70}},{"start":{"line":5,"column":70},"end":{"line":5,"column":73}}],"line":5}},"s":{"0":1,"1":1800,"2":1,"3":1800,"4":2,"5":1},"f":{"0":1800,"1":1800,"2":2,"3":1},"b":{"0":[2,1],"1":[1,0]},"meta":{"lastBranch":2,"lastFunction":4,"lastStatement":6,"seen":{"s:2:18:2:Infinity":0,"f:2:44:2:48":0,"s:2:59:2:100":1,"s:3:14:3:Infinity":2,"f:3:32:3:37":1,"s:3:52:3:64":3,"f:4:16:4:25":2,"s:4:50:4:80":4,"b:4:57:4:77:4:77:4:80":0,"f:5:16:5:22":3,"s:5:45:5:73":5,"b:5:52:5:70:5:70:5:73":1},"fnNames":{}}},"/workspace/scratch/3be8439307aa/p29-vitest-example/src/features/feature-06.ts":{"path":"/workspace/scratch/3be8439307aa/p29-vitest-example/src/features/feature-06.ts","statementMap":{"0":{"start":{"line":2,"column":18},"end":{"line":2,"column":null}},"1":{"start":{"line":2,"column":59},"end":{"line":2,"column":100}},"2":{"start":{"line":3,"column":14},"end":{"line":3,"column":null}},"3":{"start":{"line":3,"column":52},"end":{"line":3,"column":64}},"4":{"start":{"line":4,"column":50},"end":{"line":4,"column":80}},"5":{"start":{"line":5,"column":45},"end":{"line":5,"column":73}}},"fnMap":{"0":{"name":"(anonymous_0)","decl":{"start":{"line":2,"column":44},"end":{"line":2,"column":48}},"loc":{"start":{"line":2,"column":59},"end":{"line":2,"column":100}},"line":2},"1":{"name":"(anonymous_1)","decl":{"start":{"line":3,"column":32},"end":{"line":3,"column":37}},"loc":{"start":{"line":3,"column":52},"end":{"line":3,"column":64}},"line":3},"2":{"name":"lookup06","decl":{"start":{"line":4,"column":16},"end":{"line":4,"column":25}},"loc":{"start":{"line":4,"column":48},"end":{"line":4,"column":null}},"line":4},"3":{"name":"key06","decl":{"start":{"line":5,"column":16},"end":{"line":5,"column":22}},"loc":{"start":{"line":5,"column":43},"end":{"line":5,"column":null}},"line":5}},"branchMap":{"0":{"loc":{"start":{"line":4,"column":57},"end":{"line":4,"column":80}},"type":"binary-expr","locations":[{"start":{"line":4,"column":57},"end":{"line":4,"column":77}},{"start":{"line":4,"column":77},"end":{"line":4,"column":80}}],"line":4},"1":{"loc":{"start":{"line":5,"column":52},"end":{"line":5,"column":73}},"type":"binary-expr","locations":[{"start":{"line":5,"column":52},"end":{"line":5,"column":70}},{"start":{"line":5,"column":70},"end":{"line":5,"column":73}}],"line":5}},"s":{"0":1,"1":1800,"2":1,"3":1800,"4":2,"5":1},"f":{"0":1800,"1":1800,"2":2,"3":1},"b":{"0":[2,1],"1":[1,0]},"meta":{"lastBranch":2,"lastFunction":4,"lastStatement":6,"seen":{"s:2:18:2:Infinity":0,"f:2:44:2:48":0,"s:2:59:2:100":1,"s:3:14:3:Infinity":2,"f:3:32:3:37":1,"s:3:52:3:64":3,"f:4:16:4:25":2,"s:4:50:4:80":4,"b:4:57:4:77:4:77:4:80":0,"f:5:16:5:22":3,"s:5:45:5:73":5,"b:5:52:5:70:5:70:5:73":1},"fnNames":{}}},"/workspace/scratch/3be8439307aa/p29-vitest-example/src/features/feature-03.ts":{"path":"/workspace/scratch/3be8439307aa/p29-vitest-example/src/features/feature-03.ts","statementMap":{"0":{"start":{"line":2,"column":18},"end":{"line":2,"column":null}},"1":{"start":{"line":2,"column":59},"end":{"line":2,"column":100}},"2":{"start":{"line":3,"column":14},"end":{"line":3,"column":null}},"3":{"start":{"line":3,"column":52},"end":{"line":3,"column":64}},"4":{"start":{"line":4,"column":50},"end":{"line":4,"column":80}},"5":{"start":{"line":5,"column":45},"end":{"line":5,"column":73}}},"fnMap":{"0":{"name":"(anonymous_0)","decl":{"start":{"line":2,"column":44},"end":{"line":2,"column":48}},"loc":{"start":{"line":2,"column":59},"end":{"line":2,"column":100}},"line":2},"1":{"name":"(anonymous_1)","decl":{"start":{"line":3,"column":32},"end":{"line":3,"column":37}},"loc":{"start":{"line":3,"column":52},"end":{"line":3,"column":64}},"line":3},"2":{"name":"lookup03","decl":{"start":{"line":4,"column":16},"end":{"line":4,"column":25}},"loc":{"start":{"line":4,"column":48},"end":{"line":4,"column":null}},"line":4},"3":{"name":"key03","decl":{"start":{"line":5,"column":16},"end":{"line":5,"column":22}},"loc":{"start":{"line":5,"column":43},"end":{"line":5,"column":null}},"line":5}},"branchMap":{"0":{"loc":{"start":{"line":4,"column":57},"end":{"line":4,"column":80}},"type":"binary-expr","locations":[{"start":{"line":4,"column":57},"end":{"line":4,"column":77}},{"start":{"line":4,"column":77},"end":{"line":4,"column":80}}],"line":4},"1":{"loc":{"start":{"line":5,"column":52},"end":{"line":5,"column":73}},"type":"binary-expr","locations":[{"start":{"line":5,"column":52},"end":{"line":5,"column":70}},{"start":{"line":5,"column":70},"end":{"line":5,"column":73}}],"line":5}},"s":{"0":1,"1":1800,"2":1,"3":1800,"4":2,"5":1},"f":{"0":1800,"1":1800,"2":2,"3":1},"b":{"0":[2,1],"1":[1,0]},"meta":{"lastBranch":2,"lastFunction":4,"lastStatement":6,"seen":{"s:2:18:2:Infinity":0,"f:2:44:2:48":0,"s:2:59:2:100":1,"s:3:14:3:Infinity":2,"f:3:32:3:37":1,"s:3:52:3:64":3,"f:4:16:4:25":2,"s:4:50:4:80":4,"b:4:57:4:77:4:77:4:80":0,"f:5:16:5:22":3,"s:5:45:5:73":5,"b:5:52:5:70:5:70:5:73":1},"fnNames":{}}},"/workspace/scratch/3be8439307aa/p29-vitest-example/src/features/feature-01.ts":{"path":"/workspace/scratch/3be8439307aa/p29-vitest-example/src/features/feature-01.ts","statementMap":{"0":{"start":{"line":2,"column":18},"end":{"line":2,"column":null}},"1":{"start":{"line":2,"column":59},"end":{"line":2,"column":100}},"2":{"start":{"line":3,"column":14},"end":{"line":3,"column":null}},"3":{"start":{"line":3,"column":52},"end":{"line":3,"column":64}},"4":{"start":{"line":4,"column":50},"end":{"line":4,"column":80}},"5":{"start":{"line":5,"column":45},"end":{"line":5,"column":73}}},"fnMap":{"0":{"name":"(anonymous_0)","decl":{"start":{"line":2,"column":44},"end":{"line":2,"column":48}},"loc":{"start":{"line":2,"column":59},"end":{"line":2,"column":100}},"line":2},"1":{"name":"(anonymous_1)","decl":{"start":{"line":3,"column":32},"end":{"line":3,"column":37}},"loc":{"start":{"line":3,"column":52},"end":{"line":3,"column":64}},"line":3},"2":{"name":"lookup01","decl":{"start":{"line":4,"column":16},"end":{"line":4,"column":25}},"loc":{"start":{"line":4,"column":48},"end":{"line":4,"column":null}},"line":4},"3":{"name":"key01","decl":{"start":{"line":5,"column":16},"end":{"line":5,"column":22}},"loc":{"start":{"line":5,"column":43},"end":{"line":5,"column":null}},"line":5}},"branchMap":{"0":{"loc":{"start":{"line":4,"column":57},"end":{"line":4,"column":80}},"type":"binary-expr","locations":[{"start":{"line":4,"column":57},"end":{"line":4,"column":77}},{"start":{"line":4,"column":77},"end":{"line":4,"column":80}}],"line":4},"1":{"loc":{"start":{"line":5,"column":52},"end":{"line":5,"column":73}},"type":"binary-expr","locations":[{"start":{"line":5,"column":52},"end":{"line":5,"column":70}},{"start":{"line":5,"column":70},"end":{"line":5,"column":73}}],"line":5}},"s":{"0":1,"1":1800,"2":1,"3":1800,"4":2,"5":1},"f":{"0":1800,"1":1800,"2":2,"3":1},"b":{"0":[2,1],"1":[1,0]},"meta":{"lastBranch":2,"lastFunction":4,"lastStatement":6,"seen":{"s:2:18:2:Infinity":0,"f:2:44:2:48":0,"s:2:59:2:100":1,"s:3:14:3:Infinity":2,"f:3:32:3:37":1,"s:3:52:3:64":3,"f:4:16:4:25":2,"s:4:50:4:80":4,"b:4:57:4:77:4:77:4:80":0,"f:5:16:5:22":3,"s:5:45:5:73":5,"b:5:52:5:70:5:70:5:73":1},"fnNames":{}}},"/workspace/scratch/3be8439307aa/p29-vitest-example/src/features/feature-11.ts":{"path":"/workspace/scratch/3be8439307aa/p29-vitest-example/src/features/feature-11.ts","statementMap":{"0":{"start":{"line":2,"column":18},"end":{"line":2,"column":null}},"1":{"start":{"line":2,"column":59},"end":{"line":2,"column":100}},"2":{"start":{"line":3,"column":14},"end":{"line":3,"column":null}},"3":{"start":{"line":3,"column":52},"end":{"line":3,"column":64}},"4":{"start":{"line":4,"column":50},"end":{"line":4,"column":80}},"5":{"start":{"line":5,"column":45},"end":{"line":5,"column":73}}},"fnMap":{"0":{"name":"(anonymous_0)","decl":{"start":{"line":2,"column":44},"end":{"line":2,"column":48}},"loc":{"start":{"line":2,"column":59},"end":{"line":2,"column":100}},"line":2},"1":{"name":"(anonymous_1)","decl":{"start":{"line":3,"column":32},"end":{"line":3,"column":37}},"loc":{"start":{"line":3,"column":52},"end":{"line":3,"column":64}},"line":3},"2":{"name":"lookup11","decl":{"start":{"line":4,"column":16},"end":{"line":4,"column":25}},"loc":{"start":{"line":4,"column":48},"end":{"line":4,"column":null}},"line":4},"3":{"name":"key11","decl":{"start":{"line":5,"column":16},"end":{"line":5,"column":22}},"loc":{"start":{"line":5,"column":43},"end":{"line":5,"column":null}},"line":5}},"branchMap":{"0":{"loc":{"start":{"line":4,"column":57},"end":{"line":4,"column":80}},"type":"binary-expr","locations":[{"start":{"line":4,"column":57},"end":{"line":4,"column":77}},{"start":{"line":4,"column":77},"end":{"line":4,"column":80}}],"line":4},"1":{"loc":{"start":{"line":5,"column":52},"end":{"line":5,"column":73}},"type":"binary-expr","locations":[{"start":{"line":5,"column":52},"end":{"line":5,"column":70}},{"start":{"line":5,"column":70},"end":{"line":5,"column":73}}],"line":5}},"s":{"0":1,"1":1800,"2":1,"3":1800,"4":2,"5":1},"f":{"0":1800,"1":1800,"2":2,"3":1},"b":{"0":[2,1],"1":[1,0]},"meta":{"lastBranch":2,"lastFunction":4,"lastStatement":6,"seen":{"s:2:18:2:Infinity":0,"f:2:44:2:48":0,"s:2:59:2:100":1,"s:3:14:3:Infinity":2,"f:3:32:3:37":1,"s:3:52:3:64":3,"f:4:16:4:25":2,"s:4:50:4:80":4,"b:4:57:4:77:4:77:4:80":0,"f:5:16:5:22":3,"s:5:45:5:73":5,"b:5:52:5:70:5:70:5:73":1},"fnNames":{}}},"/workspace/scratch/3be8439307aa/p29-vitest-example/src/features/feature-09.ts":{"path":"/workspace/scratch/3be8439307aa/p29-vitest-example/src/features/feature-09.ts","statementMap":{"0":{"start":{"line":2,"column":18},"end":{"line":2,"column":null}},"1":{"start":{"line":2,"column":59},"end":{"line":2,"column":100}},"2":{"start":{"line":3,"column":14},"end":{"line":3,"column":null}},"3":{"start":{"line":3,"column":52},"end":{"line":3,"column":64}},"4":{"start":{"line":4,"column":50},"end":{"line":4,"column":80}},"5":{"start":{"line":5,"column":45},"end":{"line":5,"column":73}}},"fnMap":{"0":{"name":"(anonymous_0)","decl":{"start":{"line":2,"column":44},"end":{"line":2,"column":48}},"loc":{"start":{"line":2,"column":59},"end":{"line":2,"column":100}},"line":2},"1":{"name":"(anonymous_1)","decl":{"start":{"line":3,"column":32},"end":{"line":3,"column":37}},"loc":{"start":{"line":3,"column":52},"end":{"line":3,"column":64}},"line":3},"2":{"name":"lookup09","decl":{"start":{"line":4,"column":16},"end":{"line":4,"column":25}},"loc":{"start":{"line":4,"column":48},"end":{"line":4,"column":null}},"line":4},"3":{"name":"key09","decl":{"start":{"line":5,"column":16},"end":{"line":5,"column":22}},"loc":{"start":{"line":5,"column":43},"end":{"line":5,"column":null}},"line":5}},"branchMap":{"0":{"loc":{"start":{"line":4,"column":57},"end":{"line":4,"column":80}},"type":"binary-expr","locations":[{"start":{"line":4,"column":57},"end":{"line":4,"column":77}},{"start":{"line":4,"column":77},"end":{"line":4,"column":80}}],"line":4},"1":{"loc":{"start":{"line":5,"column":52},"end":{"line":5,"column":73}},"type":"binary-expr","locations":[{"start":{"line":5,"column":52},"end":{"line":5,"column":70}},{"start":{"line":5,"column":70},"end":{"line":5,"column":73}}],"line":5}},"s":{"0":1,"1":1800,"2":1,"3":1800,"4":2,"5":1},"f":{"0":1800,"1":1800,"2":2,"3":1},"b":{"0":[2,1],"1":[1,0]},"meta":{"lastBranch":2,"lastFunction":4,"lastStatement":6,"seen":{"s:2:18:2:Infinity":0,"f:2:44:2:48":0,"s:2:59:2:100":1,"s:3:14:3:Infinity":2,"f:3:32:3:37":1,"s:3:52:3:64":3,"f:4:16:4:25":2,"s:4:50:4:80":4,"b:4:57:4:77:4:77:4:80":0,"f:5:16:5:22":3,"s:5:45:5:73":5,"b:5:52:5:70:5:70:5:73":1},"fnNames":{}}},"/workspace/scratch/3be8439307aa/p29-vitest-example/src/features/feature-13.ts":{"path":"/workspace/scratch/3be8439307aa/p29-vitest-example/src/features/feature-13.ts","statementMap":{"0":{"start":{"line":2,"column":18},"end":{"line":2,"column":null}},"1":{"start":{"line":2,"column":59},"end":{"line":2,"column":100}},"2":{"start":{"line":3,"column":14},"end":{"line":3,"column":null}},"3":{"start":{"line":3,"column":52},"end":{"line":3,"column":64}},"4":{"start":{"line":4,"column":50},"end":{"line":4,"column":80}},"5":{"start":{"line":5,"column":45},"end":{"line":5,"column":73}}},"fnMap":{"0":{"name":"(anonymous_0)","decl":{"start":{"line":2,"column":44},"end":{"line":2,"column":48}},"loc":{"start":{"line":2,"column":59},"end":{"line":2,"column":100}},"line":2},"1":{"name":"(anonymous_1)","decl":{"start":{"line":3,"column":32},"end":{"line":3,"column":37}},"loc":{"start":{"line":3,"column":52},"end":{"line":3,"column":64}},"line":3},"2":{"name":"lookup13","decl":{"start":{"line":4,"column":16},"end":{"line":4,"column":25}},"loc":{"start":{"line":4,"column":48},"end":{"line":4,"column":null}},"line":4},"3":{"name":"key13","decl":{"start":{"line":5,"column":16},"end":{"line":5,"column":22}},"loc":{"start":{"line":5,"column":43},"end":{"line":5,"column":null}},"line":5}},"branchMap":{"0":{"loc":{"start":{"line":4,"column":57},"end":{"line":4,"column":80}},"type":"binary-expr","locations":[{"start":{"line":4,"column":57},"end":{"line":4,"column":77}},{"start":{"line":4,"column":77},"end":{"line":4,"column":80}}],"line":4},"1":{"loc":{"start":{"line":5,"column":52},"end":{"line":5,"column":73}},"type":"binary-expr","locations":[{"start":{"line":5,"column":52},"end":{"line":5,"column":70}},{"start":{"line":5,"column":70},"end":{"line":5,"column":73}}],"line":5}},"s":{"0":1,"1":1800,"2":1,"3":1800,"4":2,"5":1},"f":{"0":1800,"1":1800,"2":2,"3":1},"b":{"0":[2,1],"1":[1,0]},"meta":{"lastBranch":2,"lastFunction":4,"lastStatement":6,"seen":{"s:2:18:2:Infinity":0,"f:2:44:2:48":0,"s:2:59:2:100":1,"s:3:14:3:Infinity":2,"f:3:32:3:37":1,"s:3:52:3:64":3,"f:4:16:4:25":2,"s:4:50:4:80":4,"b:4:57:4:77:4:77:4:80":0,"f:5:16:5:22":3,"s:5:45:5:73":5,"b:5:52:5:70:5:70:5:73":1},"fnNames":{}}},"/workspace/scratch/3be8439307aa/p29-vitest-example/src/features/feature-16.ts":{"path":"/workspace/scratch/3be8439307aa/p29-vitest-example/src/features/feature-16.ts","statementMap":{"0":{"start":{"line":2,"column":18},"end":{"line":2,"column":null}},"1":{"start":{"line":2,"column":59},"end":{"line":2,"column":100}},"2":{"start":{"line":3,"column":14},"end":{"line":3,"column":null}},"3":{"start":{"line":3,"column":52},"end":{"line":3,"column":64}},"4":{"start":{"line":4,"column":50},"end":{"line":4,"column":80}},"5":{"start":{"line":5,"column":45},"end":{"line":5,"column":73}}},"fnMap":{"0":{"name":"(anonymous_0)","decl":{"start":{"line":2,"column":44},"end":{"line":2,"column":48}},"loc":{"start":{"line":2,"column":59},"end":{"line":2,"column":100}},"line":2},"1":{"name":"(anonymous_1)","decl":{"start":{"line":3,"column":32},"end":{"line":3,"column":37}},"loc":{"start":{"line":3,"column":52},"end":{"line":3,"column":64}},"line":3},"2":{"name":"lookup16","decl":{"start":{"line":4,"column":16},"end":{"line":4,"column":25}},"loc":{"start":{"line":4,"column":48},"end":{"line":4,"column":null}},"line":4},"3":{"name":"key16","decl":{"start":{"line":5,"column":16},"end":{"line":5,"column":22}},"loc":{"start":{"line":5,"column":43},"end":{"line":5,"column":null}},"line":5}},"branchMap":{"0":{"loc":{"start":{"line":4,"column":57},"end":{"line":4,"column":80}},"type":"binary-expr","locations":[{"start":{"line":4,"column":57},"end":{"line":4,"column":77}},{"start":{"line":4,"column":77},"end":{"line":4,"column":80}}],"line":4},"1":{"loc":{"start":{"line":5,"column":52},"end":{"line":5,"column":73}},"type":"binary-expr","locations":[{"start":{"line":5,"column":52},"end":{"line":5,"column":70}},{"start":{"line":5,"column":70},"end":{"line":5,"column":73}}],"line":5}},"s":{"0":1,"1":1800,"2":1,"3":1800,"4":2,"5":1},"f":{"0":1800,"1":1800,"2":2,"3":1},"b":{"0":[2,1],"1":[1,0]},"meta":{"lastBranch":2,"lastFunction":4,"lastStatement":6,"seen":{"s:2:18:2:Infinity":0,"f:2:44:2:48":0,"s:2:59:2:100":1,"s:3:14:3:Infinity":2,"f:3:32:3:37":1,"s:3:52:3:64":3,"f:4:16:4:25":2,"s:4:50:4:80":4,"b:4:57:4:77:4:77:4:80":0,"f:5:16:5:22":3,"s:5:45:5:73":5,"b:5:52:5:70:5:70:5:73":1},"fnNames":{}}},"/workspace/scratch/3be8439307aa/p29-vitest-example/src/features/feature-15.ts":{"path":"/workspace/scratch/3be8439307aa/p29-vitest-example/src/features/feature-15.ts","statementMap":{"0":{"start":{"line":2,"column":18},"end":{"line":2,"column":null}},"1":{"start":{"line":2,"column":59},"end":{"line":2,"column":100}},"2":{"start":{"line":3,"column":14},"end":{"line":3,"column":null}},"3":{"start":{"line":3,"column":52},"end":{"line":3,"column":64}},"4":{"start":{"line":4,"column":50},"end":{"line":4,"column":80}},"5":{"start":{"line":5,"column":45},"end":{"line":5,"column":73}}},"fnMap":{"0":{"name":"(anonymous_0)","decl":{"start":{"line":2,"column":44},"end":{"line":2,"column":48}},"loc":{"start":{"line":2,"column":59},"end":{"line":2,"column":100}},"line":2},"1":{"name":"(anonymous_1)","decl":{"start":{"line":3,"column":32},"end":{"line":3,"column":37}},"loc":{"start":{"line":3,"column":52},"end":{"line":3,"column":64}},"line":3},"2":{"name":"lookup15","decl":{"start":{"line":4,"column":16},"end":{"line":4,"column":25}},"loc":{"start":{"line":4,"column":48},"end":{"line":4,"column":null}},"line":4},"3":{"name":"key15","decl":{"start":{"line":5,"column":16},"end":{"line":5,"column":22}},"loc":{"start":{"line":5,"column":43},"end":{"line":5,"column":null}},"line":5}},"branchMap":{"0":{"loc":{"start":{"line":4,"column":57},"end":{"line":4,"column":80}},"type":"binary-expr","locations":[{"start":{"line":4,"column":57},"end":{"line":4,"column":77}},{"start":{"line":4,"column":77},"end":{"line":4,"column":80}}],"line":4},"1":{"loc":{"start":{"line":5,"column":52},"end":{"line":5,"column":73}},"type":"binary-expr","locations":[{"start":{"line":5,"column":52},"end":{"line":5,"column":70}},{"start":{"line":5,"column":70},"end":{"line":5,"column":73}}],"line":5}},"s":{"0":1,"1":1800,"2":1,"3":1800,"4":2,"5":1},"f":{"0":1800,"1":1800,"2":2,"3":1},"b":{"0":[2,1],"1":[1,0]},"meta":{"lastBranch":2,"lastFunction":4,"lastStatement":6,"seen":{"s:2:18:2:Infinity":0,"f:2:44:2:48":0,"s:2:59:2:100":1,"s:3:14:3:Infinity":2,"f:3:32:3:37":1,"s:3:52:3:64":3,"f:4:16:4:25":2,"s:4:50:4:80":4,"b:4:57:4:77:4:77:4:80":0,"f:5:16:5:22":3,"s:5:45:5:73":5,"b:5:52:5:70:5:70:5:73":1},"fnNames":{}}},"/workspace/scratch/3be8439307aa/p29-vitest-example/src/features/feature-10.ts":{"path":"/workspace/scratch/3be8439307aa/p29-vitest-example/src/features/feature-10.ts","statementMap":{"0":{"start":{"line":2,"column":18},"end":{"line":2,"column":null}},"1":{"start":{"line":2,"column":59},"end":{"line":2,"column":100}},"2":{"start":{"line":3,"column":14},"end":{"line":3,"column":null}},"3":{"start":{"line":3,"column":52},"end":{"line":3,"column":64}},"4":{"start":{"line":4,"column":50},"end":{"line":4,"column":80}},"5":{"start":{"line":5,"column":45},"end":{"line":5,"column":73}}},"fnMap":{"0":{"name":"(anonymous_0)","decl":{"start":{"line":2,"column":44},"end":{"line":2,"column":48}},"loc":{"start":{"line":2,"column":59},"end":{"line":2,"column":100}},"line":2},"1":{"name":"(anonymous_1)","decl":{"start":{"line":3,"column":32},"end":{"line":3,"column":37}},"loc":{"start":{"line":3,"column":52},"end":{"line":3,"column":64}},"line":3},"2":{"name":"lookup10","decl":{"start":{"line":4,"column":16},"end":{"line":4,"column":25}},"loc":{"start":{"line":4,"column":48},"end":{"line":4,"column":null}},"line":4},"3":{"name":"key10","decl":{"start":{"line":5,"column":16},"end":{"line":5,"column":22}},"loc":{"start":{"line":5,"column":43},"end":{"line":5,"column":null}},"line":5}},"branchMap":{"0":{"loc":{"start":{"line":4,"column":57},"end":{"line":4,"column":80}},"type":"binary-expr","locations":[{"start":{"line":4,"column":57},"end":{"line":4,"column":77}},{"start":{"line":4,"column":77},"end":{"line":4,"column":80}}],"line":4},"1":{"loc":{"start":{"line":5,"column":52},"end":{"line":5,"column":73}},"type":"binary-expr","locations":[{"start":{"line":5,"column":52},"end":{"line":5,"column":70}},{"start":{"line":5,"column":70},"end":{"line":5,"column":73}}],"line":5}},"s":{"0":1,"1":1800,"2":1,"3":1800,"4":2,"5":1},"f":{"0":1800,"1":1800,"2":2,"3":1},"b":{"0":[2,1],"1":[1,0]},"meta":{"lastBranch":2,"lastFunction":4,"lastStatement":6,"seen":{"s:2:18:2:Infinity":0,"f:2:44:2:48":0,"s:2:59:2:100":1,"s:3:14:3:Infinity":2,"f:3:32:3:37":1,"s:3:52:3:64":3,"f:4:16:4:25":2,"s:4:50:4:80":4,"b:4:57:4:77:4:77:4:80":0,"f:5:16:5:22":3,"s:5:45:5:73":5,"b:5:52:5:70:5:70:5:73":1},"fnNames":{}}},"/workspace/scratch/3be8439307aa/p29-vitest-example/src/features/feature-12.ts":{"path":"/workspace/scratch/3be8439307aa/p29-vitest-example/src/features/feature-12.ts","statementMap":{"0":{"start":{"line":2,"column":18},"end":{"line":2,"column":null}},"1":{"start":{"line":2,"column":59},"end":{"line":2,"column":100}},"2":{"start":{"line":3,"column":14},"end":{"line":3,"column":null}},"3":{"start":{"line":3,"column":52},"end":{"line":3,"column":64}},"4":{"start":{"line":4,"column":50},"end":{"line":4,"column":80}},"5":{"start":{"line":5,"column":45},"end":{"line":5,"column":73}}},"fnMap":{"0":{"name":"(anonymous_0)","decl":{"start":{"line":2,"column":44},"end":{"line":2,"column":48}},"loc":{"start":{"line":2,"column":59},"end":{"line":2,"column":100}},"line":2},"1":{"name":"(anonymous_1)","decl":{"start":{"line":3,"column":32},"end":{"line":3,"column":37}},"loc":{"start":{"line":3,"column":52},"end":{"line":3,"column":64}},"line":3},"2":{"name":"lookup12","decl":{"start":{"line":4,"column":16},"end":{"line":4,"column":25}},"loc":{"start":{"line":4,"column":48},"end":{"line":4,"column":null}},"line":4},"3":{"name":"key12","decl":{"start":{"line":5,"column":16},"end":{"line":5,"column":22}},"loc":{"start":{"line":5,"column":43},"end":{"line":5,"column":null}},"line":5}},"branchMap":{"0":{"loc":{"start":{"line":4,"column":57},"end":{"line":4,"column":80}},"type":"binary-expr","locations":[{"start":{"line":4,"column":57},"end":{"line":4,"column":77}},{"start":{"line":4,"column":77},"end":{"line":4,"column":80}}],"line":4},"1":{"loc":{"start":{"line":5,"column":52},"end":{"line":5,"column":73}},"type":"binary-expr","locations":[{"start":{"line":5,"column":52},"end":{"line":5,"column":70}},{"start":{"line":5,"column":70},"end":{"line":5,"column":73}}],"line":5}},"s":{"0":1,"1":1800,"2":1,"3":1800,"4":2,"5":1},"f":{"0":1800,"1":1800,"2":2,"3":1},"b":{"0":[2,1],"1":[1,0]},"meta":{"lastBranch":2,"lastFunction":4,"lastStatement":6,"seen":{"s:2:18:2:Infinity":0,"f:2:44:2:48":0,"s:2:59:2:100":1,"s:3:14:3:Infinity":2,"f:3:32:3:37":1,"s:3:52:3:64":3,"f:4:16:4:25":2,"s:4:50:4:80":4,"b:4:57:4:77:4:77:4:80":0,"f:5:16:5:22":3,"s:5:45:5:73":5,"b:5:52:5:70:5:70:5:73":1},"fnNames":{}}},"/workspace/scratch/3be8439307aa/p29-vitest-example/src/features/feature-14.ts":{"path":"/workspace/scratch/3be8439307aa/p29-vitest-example/src/features/feature-14.ts","statementMap":{"0":{"start":{"line":2,"column":18},"end":{"line":2,"column":null}},"1":{"start":{"line":2,"column":59},"end":{"line":2,"column":100}},"2":{"start":{"line":3,"column":14},"end":{"line":3,"column":null}},"3":{"start":{"line":3,"column":52},"end":{"line":3,"column":64}},"4":{"start":{"line":4,"column":50},"end":{"line":4,"column":80}},"5":{"start":{"line":5,"column":45},"end":{"line":5,"column":73}}},"fnMap":{"0":{"name":"(anonymous_0)","decl":{"start":{"line":2,"column":44},"end":{"line":2,"column":48}},"loc":{"start":{"line":2,"column":59},"end":{"line":2,"column":100}},"line":2},"1":{"name":"(anonymous_1)","decl":{"start":{"line":3,"column":32},"end":{"line":3,"column":37}},"loc":{"start":{"line":3,"column":52},"end":{"line":3,"column":64}},"line":3},"2":{"name":"lookup14","decl":{"start":{"line":4,"column":16},"end":{"line":4,"column":25}},"loc":{"start":{"line":4,"column":48},"end":{"line":4,"column":null}},"line":4},"3":{"name":"key14","decl":{"start":{"line":5,"column":16},"end":{"line":5,"column":22}},"loc":{"start":{"line":5,"column":43},"end":{"line":5,"column":null}},"line":5}},"branchMap":{"0":{"loc":{"start":{"line":4,"column":57},"end":{"line":4,"column":80}},"type":"binary-expr","locations":[{"start":{"line":4,"column":57},"end":{"line":4,"column":77}},{"start":{"line":4,"column":77},"end":{"line":4,"column":80}}],"line":4},"1":{"loc":{"start":{"line":5,"column":52},"end":{"line":5,"column":73}},"type":"binary-expr","locations":[{"start":{"line":5,"column":52},"end":{"line":5,"column":70}},{"start":{"line":5,"column":70},"end":{"line":5,"column":73}}],"line":5}},"s":{"0":1,"1":1800,"2":1,"3":1800,"4":2,"5":1},"f":{"0":1800,"1":1800,"2":2,"3":1},"b":{"0":[2,1],"1":[1,0]},"meta":{"lastBranch":2,"lastFunction":4,"lastStatement":6,"seen":{"s:2:18:2:Infinity":0,"f:2:44:2:48":0,"s:2:59:2:100":1,"s:3:14:3:Infinity":2,"f:3:32:3:37":1,"s:3:52:3:64":3,"f:4:16:4:25":2,"s:4:50:4:80":4,"b:4:57:4:77:4:77:4:80":0,"f:5:16:5:22":3,"s:5:45:5:73":5,"b:5:52:5:70:5:70:5:73":1},"fnNames":{}}}}}