{"numTotalTestSuites":32,"numPassedTestSuites":32,"numFailedTestSuites":0,"numPendingTestSuites":0,"numTotalTests":32,"numPassedTests":32,"numFailedTests":0,"numPendingTests":0,"numTodoTests":0,"snapshot":{"added":0,"failure":false,"filesAdded":0,"filesRemoved":0,"filesRemovedList":[],"filesUnmatched":0,"filesUpdated":0,"matched":16,"total":16,"unchecked":0,"uncheckedKeysByFile":[],"unmatched":0,"updated":0,"didUpdate":false},"startTime":1789987584223,"success":true,"testResults":[{"assertionResults":[{"ancestorTitles":["feature-01"],"fullName":"feature-01 round-trips a catalogue key","status":"passed","title":"round-trips a catalogue key","duration":14.869274999999789,"failureMessages":[],"meta":{},"tags":[],"benchmarks":[]},{"ancestorTitles":["feature-01"],"fullName":"feature-01 returns -1 for an unknown key","status":"passed","title":"returns -1 for an unknown key","duration":0.41558999999983826,"failureMessages":[],"meta":{},"tags":[],"benchmarks":[]}],"startTime":1789987585800,"endTime":1789987585815.4155,"status":"passed","message":"","name":"/workspace/scratch/3be8439307aa/p29-vitest-example/tests/feature-01.test.ts"},{"assertionResults":[{"ancestorTitles":["feature-02"],"fullName":"feature-02 round-trips a catalogue key","status":"passed","title":"round-trips a catalogue key","duration":43.630611000000044,"failureMessages":[],"meta":{},"tags":[],"benchmarks":[]},{"ancestorTitles":["feature-02"],"fullName":"feature-02 returns -1 for an unknown key","status":"passed","title":"returns -1 for an unknown key","duration":0.2569109999999455,"failureMessages":[],"meta":{},"tags":[],"benchmarks":[]}],"startTime":1789987585816,"endTime":1789987585859.6306,"status":"passed","message":"","name":"/workspace/scratch/3be8439307aa/p29-vitest-example/tests/feature-02.test.ts"},{"assertionResults":[{"ancestorTitles":["feature-03"],"fullName":"feature-03 round-trips a catalogue key","status":"passed","title":"round-trips a catalogue key","duration":13.499152000000095,"failureMessages":[],"meta":{},"tags":[],"benchmarks":[]},{"ancestorTitles":["feature-03"],"fullName":"feature-03 returns -1 for an unknown key","status":"passed","title":"returns -1 for an unknown key","duration":0.34910999999988235,"failureMessages":[],"meta":{},"tags":[],"benchmarks":[]}],"startTime":1789987585800,"endTime":1789987585813.4993,"status":"passed","message":"","name":"/workspace/scratch/3be8439307aa/p29-vitest-example/tests/feature-03.test.ts"},{"assertionResults":[{"ancestorTitles":["feature-04"],"fullName":"feature-04 round-trips a catalogue key","status":"passed","title":"round-trips a catalogue key","duration":15.158779000000095,"failureMessages":[],"meta":{},"tags":[],"benchmarks":[]},{"ancestorTitles":["feature-04"],"fullName":"feature-04 returns -1 for an unknown key","status":"passed","title":"returns -1 for an unknown key","duration":0.3506729999999152,"failureMessages":[],"meta":{},"tags":[],"benchmarks":[]}],"startTime":1789987585800,"endTime":1789987585815.3506,"status":"passed","message":"","name":"/workspace/scratch/3be8439307aa/p29-vitest-example/tests/feature-04.test.ts"},{"assertionResults":[{"ancestorTitles":["feature-05"],"fullName":"feature-05 round-trips a catalogue key","status":"passed","title":"round-trips a catalogue key","duration":18.52650900000026,"failureMessages":[],"meta":{},"tags":[],"benchmarks":[]},{"ancestorTitles":["feature-05"],"fullName":"feature-05 returns -1 for an unknown key","status":"passed","title":"returns -1 for an unknown key","duration":0.4531659999997828,"failureMessages":[],"meta":{},"tags":[],"benchmarks":[]}],"startTime":1789987587987,"endTime":1789987588006.4531,"status":"passed","message":"","name":"/workspace/scratch/3be8439307aa/p29-vitest-example/tests/feature-05.test.ts"},{"assertionResults":[{"ancestorTitles":["feature-06"],"fullName":"feature-06 round-trips a catalogue key","status":"passed","title":"round-trips a catalogue key","duration":12.568471999999986,"failureMessages":[],"meta":{},"tags":[],"benchmarks":[]},{"ancestorTitles":["feature-06"],"fullName":"feature-06 returns -1 for an unknown key","status":"passed","title":"returns -1 for an unknown key","duration":1.0566860000000133,"failureMessages":[],"meta":{},"tags":[],"benchmarks":[]}],"startTime":1789987586316,"endTime":1789987586329.0566,"status":"passed","message":"","name":"/workspace/scratch/3be8439307aa/p29-vitest-example/tests/feature-06.test.ts"},{"assertionResults":[{"ancestorTitles":["feature-07"],"fullName":"feature-07 round-trips a catalogue key","status":"passed","title":"round-trips a catalogue key","duration":70.92915099999999,"failureMessages":[],"meta":{},"tags":[],"benchmarks":[]},{"ancestorTitles":["feature-07"],"fullName":"feature-07 returns -1 for an unknown key","status":"passed","title":"returns -1 for an unknown key","duration":3.734275000000025,"failureMessages":[],"meta":{},"tags":[],"benchmarks":[]}],"startTime":1789987586350,"endTime":1789987586425.7344,"status":"passed","message":"","name":"/workspace/scratch/3be8439307aa/p29-vitest-example/tests/feature-07.test.ts"},{"assertionResults":[{"ancestorTitles":["feature-08"],"fullName":"feature-08 round-trips a catalogue key","status":"passed","title":"round-trips a catalogue key","duration":55.38799199999994,"failureMessages":[],"meta":{},"tags":[],"benchmarks":[]},{"ancestorTitles":["feature-08"],"fullName":"feature-08 returns -1 for an unknown key","status":"passed","title":"returns -1 for an unknown key","duration":0.2992340000000695,"failureMessages":[],"meta":{},"tags":[],"benchmarks":[]}],"startTime":1789987587162,"endTime":1789987587217.388,"status":"passed","message":"","name":"/workspace/scratch/3be8439307aa/p29-vitest-example/tests/feature-08.test.ts"},{"assertionResults":[{"ancestorTitles":["feature-09"],"fullName":"feature-09 round-trips a catalogue key","status":"passed","title":"round-trips a catalogue key","duration":14.117693999999972,"failureMessages":[],"meta":{},"tags":[],"benchmarks":[]},{"ancestorTitles":["feature-09"],"fullName":"feature-09 returns -1 for an unknown key","status":"passed","title":"returns -1 for an unknown key","duration":0.37020800000004783,"failureMessages":[],"meta":{},"tags":[],"benchmarks":[]}],"startTime":1789987586676,"endTime":1789987586690.37,"status":"passed","message":"","name":"/workspace/scratch/3be8439307aa/p29-vitest-example/tests/feature-09.test.ts"},{"assertionResults":[{"ancestorTitles":["feature-10"],"fullName":"feature-10 round-trips a catalogue key","status":"passed","title":"round-trips a catalogue key","duration":14.509438000000046,"failureMessages":[],"meta":{},"tags":[],"benchmarks":[]},{"ancestorTitles":["feature-10"],"fullName":"feature-10 returns -1 for an unknown key","status":"passed","title":"returns -1 for an unknown key","duration":0.38861099999996895,"failureMessages":[],"meta":{},"tags":[],"benchmarks":[]}],"startTime":1789987586832,"endTime":1789987586847.3887,"status":"passed","message":"","name":"/workspace/scratch/3be8439307aa/p29-vitest-example/tests/feature-10.test.ts"},{"assertionResults":[{"ancestorTitles":["feature-11"],"fullName":"feature-11 round-trips a catalogue key","status":"passed","title":"round-trips a catalogue key","duration":13.027766999999983,"failureMessages":[],"meta":{},"tags":[],"benchmarks":[]},{"ancestorTitles":["feature-11"],"fullName":"feature-11 returns -1 for an unknown key","status":"passed","title":"returns -1 for an unknown key","duration":0.32506899999998495,"failureMessages":[],"meta":{},"tags":[],"benchmarks":[]}],"startTime":1789987587076,"endTime":1789987587089.325,"status":"passed","message":"","name":"/workspace/scratch/3be8439307aa/p29-vitest-example/tests/feature-11.test.ts"},{"assertionResults":[{"ancestorTitles":["feature-12"],"fullName":"feature-12 round-trips a catalogue key","status":"passed","title":"round-trips a catalogue key","duration":12.308667000000014,"failureMessages":[],"meta":{},"tags":[],"benchmarks":[]},{"ancestorTitles":["feature-12"],"fullName":"feature-12 returns -1 for an unknown key","status":"passed","title":"returns -1 for an unknown key","duration":0.4506749999999329,"failureMessages":[],"meta":{},"tags":[],"benchmarks":[]}],"startTime":1789987587580,"endTime":1789987587593.4507,"status":"passed","message":"","name":"/workspace/scratch/3be8439307aa/p29-vitest-example/tests/feature-12.test.ts"},{"assertionResults":[{"ancestorTitles":["feature-13"],"fullName":"feature-13 round-trips a catalogue key","status":"passed","title":"round-trips a catalogue key","duration":13.727756,"failureMessages":[],"meta":{},"tags":[],"benchmarks":[]},{"ancestorTitles":["feature-13"],"fullName":"feature-13 returns -1 for an unknown key","status":"passed","title":"returns -1 for an unknown key","duration":0.3250309999999672,"failureMessages":[],"meta":{},"tags":[],"benchmarks":[]}],"startTime":1789987587495,"endTime":1789987587508.7278,"status":"passed","message":"","name":"/workspace/scratch/3be8439307aa/p29-vitest-example/tests/feature-13.test.ts"},{"assertionResults":[{"ancestorTitles":["feature-14"],"fullName":"feature-14 round-trips a catalogue key","status":"passed","title":"round-trips a catalogue key","duration":10.97463300000004,"failureMessages":[],"meta":{},"tags":[],"benchmarks":[]},{"ancestorTitles":["feature-14"],"fullName":"feature-14 returns -1 for an unknown key","status":"passed","title":"returns -1 for an unknown key","duration":0.4023379999999861,"failureMessages":[],"meta":{},"tags":[],"benchmarks":[]}],"startTime":1789987587973,"endTime":1789987587984.4023,"status":"passed","message":"","name":"/workspace/scratch/3be8439307aa/p29-vitest-example/tests/feature-14.test.ts"},{"assertionResults":[{"ancestorTitles":["feature-15"],"fullName":"feature-15 round-trips a catalogue key","status":"passed","title":"round-trips a catalogue key","duration":14.770362999999975,"failureMessages":[],"meta":{},"tags":[],"benchmarks":[]},{"ancestorTitles":["feature-15"],"fullName":"feature-15 returns -1 for an unknown key","status":"passed","title":"returns -1 for an unknown key","duration":0.3955500000000711,"failureMessages":[],"meta":{},"tags":[],"benchmarks":[]}],"startTime":1789987588126,"endTime":1789987588141.3955,"status":"passed","message":"","name":"/workspace/scratch/3be8439307aa/p29-vitest-example/tests/feature-15.test.ts"},{"assertionResults":[{"ancestorTitles":["feature-16"],"fullName":"feature-16 round-trips a catalogue key","status":"passed","title":"round-trips a catalogue key","duration":33.264920000000075,"failureMessages":[],"meta":{},"tags":[],"benchmarks":[]},{"ancestorTitles":["feature-16"],"fullName":"feature-16 returns -1 for an unknown key","status":"passed","title":"returns -1 for an unknown key","duration":0.26826900000003207,"failureMessages":[],"meta":{},"tags":[],"benchmarks":[]}],"startTime":1789987588613,"endTime":1789987588646.2683,"status":"passed","message":"","name":"/workspace/scratch/3be8439307aa/p29-vitest-example/tests/feature-16.test.ts"}],"coverageMap":{"/workspace/scratch/3be8439307aa/p29-vitest-example/src/features/feature-01.ts":{"path":"/workspace/scratch/3be8439307aa/p29-vitest-example/src/features/feature-01.ts","statementMap":{"0":{"start":{"line":2,"column":18},"end":{"line":2,"column":null}},"1":{"start":{"line":2,"column":59},"end":{"line":2,"column":100}},"2":{"start":{"line":3,"column":14},"end":{"line":3,"column":null}},"3":{"start":{"line":3,"column":52},"end":{"line":3,"column":64}},"4":{"start":{"line":4,"column":50},"end":{"line":4,"column":80}},"5":{"start":{"line":5,"column":45},"end":{"line":5,"column":73}}},"fnMap":{"0":{"name":"(anonymous_0)","decl":{"start":{"line":2,"column":44},"end":{"line":2,"column":48}},"loc":{"start":{"line":2,"column":59},"end":{"line":2,"column":100}},"line":2},"1":{"name":"(anonymous_1)","decl":{"start":{"line":3,"column":32},"end":{"line":3,"column":37}},"loc":{"start":{"line":3,"column":52},"end":{"line":3,"column":64}},"line":3},"2":{"name":"lookup01","decl":{"start":{"line":4,"column":16},"end":{"line":4,"column":25}},"loc":{"start":{"line":4,"column":48},"end":{"line":4,"column":null}},"line":4},"3":{"name":"key01","decl":{"start":{"line":5,"column":16},"end":{"line":5,"column":22}},"loc":{"start":{"line":5,"column":43},"end":{"line":5,"column":null}},"line":5}},"branchMap":{"0":{"loc":{"start":{"line":4,"column":57},"end":{"line":4,"column":80}},"type":"binary-expr","locations":[{"start":{"line":4,"column":57},"end":{"line":4,"column":77}},{"start":{"line":4,"column":77},"end":{"line":4,"column":80}}],"line":4},"1":{"loc":{"start":{"line":5,"column":52},"end":{"line":5,"column":73}},"type":"binary-expr","locations":[{"start":{"line":5,"column":52},"end":{"line":5,"column":70}},{"start":{"line":5,"column":70},"end":{"line":5,"column":73}}],"line":5}},"s":{"0":16,"1":28800,"2":16,"3":28800,"4":2,"5":1},"f":{"0":28800,"1":28800,"2":2,"3":1},"b":{"0":[2,1],"1":[1,0]},"meta":{"lastBranch":2,"lastFunction":4,"lastStatement":6,"seen":{"s:2:18:2:Infinity":0,"f:2:44:2:48":0,"s:2:59:2:100":1,"s:3:14:3:Infinity":2,"f:3:32:3:37":1,"s:3:52:3:64":3,"f:4:16:4:25":2,"s:4:50:4:80":4,"b:4:57:4:77:4:77:4:80":0,"f:5:16:5:22":3,"s:5:45:5:73":5,"b:5:52:5:70:5:70:5:73":1},"fnNames":{}}},"/workspace/scratch/3be8439307aa/p29-vitest-example/src/features/feature-03.ts":{"path":"/workspace/scratch/3be8439307aa/p29-vitest-example/src/features/feature-03.ts","statementMap":{"0":{"start":{"line":2,"column":18},"end":{"line":2,"column":null}},"1":{"start":{"line":2,"column":59},"end":{"line":2,"column":100}},"2":{"start":{"line":3,"column":14},"end":{"line":3,"column":null}},"3":{"start":{"line":3,"column":52},"end":{"line":3,"column":64}},"4":{"start":{"line":4,"column":50},"end":{"line":4,"column":80}},"5":{"start":{"line":5,"column":45},"end":{"line":5,"column":73}}},"fnMap":{"0":{"name":"(anonymous_0)","decl":{"start":{"line":2,"column":44},"end":{"line":2,"column":48}},"loc":{"start":{"line":2,"column":59},"end":{"line":2,"column":100}},"line":2},"1":{"name":"(anonymous_1)","decl":{"start":{"line":3,"column":32},"end":{"line":3,"column":37}},"loc":{"start":{"line":3,"column":52},"end":{"line":3,"column":64}},"line":3},"2":{"name":"lookup03","decl":{"start":{"line":4,"column":16},"end":{"line":4,"column":25}},"loc":{"start":{"line":4,"column":48},"end":{"line":4,"column":null}},"line":4},"3":{"name":"key03","decl":{"start":{"line":5,"column":16},"end":{"line":5,"column":22}},"loc":{"start":{"line":5,"column":43},"end":{"line":5,"column":null}},"line":5}},"branchMap":{"0":{"loc":{"start":{"line":4,"column":57},"end":{"line":4,"column":80}},"type":"binary-expr","locations":[{"start":{"line":4,"column":57},"end":{"line":4,"column":77}},{"start":{"line":4,"column":77},"end":{"line":4,"column":80}}],"line":4},"1":{"loc":{"start":{"line":5,"column":52},"end":{"line":5,"column":73}},"type":"binary-expr","locations":[{"start":{"line":5,"column":52},"end":{"line":5,"column":70}},{"start":{"line":5,"column":70},"end":{"line":5,"column":73}}],"line":5}},"s":{"0":16,"1":28800,"2":16,"3":28800,"4":2,"5":1},"f":{"0":28800,"1":28800,"2":2,"3":1},"b":{"0":[2,1],"1":[1,0]},"meta":{"lastBranch":2,"lastFunction":4,"lastStatement":6,"seen":{"s:2:18:2:Infinity":0,"f:2:44:2:48":0,"s:2:59:2:100":1,"s:3:14:3:Infinity":2,"f:3:32:3:37":1,"s:3:52:3:64":3,"f:4:16:4:25":2,"s:4:50:4:80":4,"b:4:57:4:77:4:77:4:80":0,"f:5:16:5:22":3,"s:5:45:5:73":5,"b:5:52:5:70:5:70:5:73":1},"fnNames":{}}},"/workspace/scratch/3be8439307aa/p29-vitest-example/src/features/feature-05.ts":{"path":"/workspace/scratch/3be8439307aa/p29-vitest-example/src/features/feature-05.ts","statementMap":{"0":{"start":{"line":2,"column":18},"end":{"line":2,"column":null}},"1":{"start":{"line":2,"column":59},"end":{"line":2,"column":100}},"2":{"start":{"line":3,"column":14},"end":{"line":3,"column":null}},"3":{"start":{"line":3,"column":52},"end":{"line":3,"column":64}},"4":{"start":{"line":4,"column":50},"end":{"line":4,"column":80}},"5":{"start":{"line":5,"column":45},"end":{"line":5,"column":73}}},"fnMap":{"0":{"name":"(anonymous_0)","decl":{"start":{"line":2,"column":44},"end":{"line":2,"column":48}},"loc":{"start":{"line":2,"column":59},"end":{"line":2,"column":100}},"line":2},"1":{"name":"(anonymous_1)","decl":{"start":{"line":3,"column":32},"end":{"line":3,"column":37}},"loc":{"start":{"line":3,"column":52},"end":{"line":3,"column":64}},"line":3},"2":{"name":"lookup05","decl":{"start":{"line":4,"column":16},"end":{"line":4,"column":25}},"loc":{"start":{"line":4,"column":48},"end":{"line":4,"column":null}},"line":4},"3":{"name":"key05","decl":{"start":{"line":5,"column":16},"end":{"line":5,"column":22}},"loc":{"start":{"line":5,"column":43},"end":{"line":5,"column":null}},"line":5}},"branchMap":{"0":{"loc":{"start":{"line":4,"column":57},"end":{"line":4,"column":80}},"type":"binary-expr","locations":[{"start":{"line":4,"column":57},"end":{"line":4,"column":77}},{"start":{"line":4,"column":77},"end":{"line":4,"column":80}}],"line":4},"1":{"loc":{"start":{"line":5,"column":52},"end":{"line":5,"column":73}},"type":"binary-expr","locations":[{"start":{"line":5,"column":52},"end":{"line":5,"column":70}},{"start":{"line":5,"column":70},"end":{"line":5,"column":73}}],"line":5}},"s":{"0":16,"1":28800,"2":16,"3":28800,"4":2,"5":1},"f":{"0":28800,"1":28800,"2":2,"3":1},"b":{"0":[2,1],"1":[1,0]},"meta":{"lastBranch":2,"lastFunction":4,"lastStatement":6,"seen":{"s:2:18:2:Infinity":0,"f:2:44:2:48":0,"s:2:59:2:100":1,"s:3:14:3:Infinity":2,"f:3:32:3:37":1,"s:3:52:3:64":3,"f:4:16:4:25":2,"s:4:50:4:80":4,"b:4:57:4:77:4:77:4:80":0,"f:5:16:5:22":3,"s:5:45:5:73":5,"b:5:52:5:70:5:70:5:73":1},"fnNames":{}}},"/workspace/scratch/3be8439307aa/p29-vitest-example/src/features/feature-02.ts":{"path":"/workspace/scratch/3be8439307aa/p29-vitest-example/src/features/feature-02.ts","statementMap":{"0":{"start":{"line":2,"column":18},"end":{"line":2,"column":null}},"1":{"start":{"line":2,"column":59},"end":{"line":2,"column":100}},"2":{"start":{"line":3,"column":14},"end":{"line":3,"column":null}},"3":{"start":{"line":3,"column":52},"end":{"line":3,"column":64}},"4":{"start":{"line":4,"column":50},"end":{"line":4,"column":80}},"5":{"start":{"line":5,"column":45},"end":{"line":5,"column":73}}},"fnMap":{"0":{"name":"(anonymous_0)","decl":{"start":{"line":2,"column":44},"end":{"line":2,"column":48}},"loc":{"start":{"line":2,"column":59},"end":{"line":2,"column":100}},"line":2},"1":{"name":"(anonymous_1)","decl":{"start":{"line":3,"column":32},"end":{"line":3,"column":37}},"loc":{"start":{"line":3,"column":52},"end":{"line":3,"column":64}},"line":3},"2":{"name":"lookup02","decl":{"start":{"line":4,"column":16},"end":{"line":4,"column":25}},"loc":{"start":{"line":4,"column":48},"end":{"line":4,"column":null}},"line":4},"3":{"name":"key02","decl":{"start":{"line":5,"column":16},"end":{"line":5,"column":22}},"loc":{"start":{"line":5,"column":43},"end":{"line":5,"column":null}},"line":5}},"branchMap":{"0":{"loc":{"start":{"line":4,"column":57},"end":{"line":4,"column":80}},"type":"binary-expr","locations":[{"start":{"line":4,"column":57},"end":{"line":4,"column":77}},{"start":{"line":4,"column":77},"end":{"line":4,"column":80}}],"line":4},"1":{"loc":{"start":{"line":5,"column":52},"end":{"line":5,"column":73}},"type":"binary-expr","locations":[{"start":{"line":5,"column":52},"end":{"line":5,"column":70}},{"start":{"line":5,"column":70},"end":{"line":5,"column":73}}],"line":5}},"s":{"0":16,"1":28800,"2":16,"3":28800,"4":2,"5":1},"f":{"0":28800,"1":28800,"2":2,"3":1},"b":{"0":[2,1],"1":[1,0]},"meta":{"lastBranch":2,"lastFunction":4,"lastStatement":6,"seen":{"s:2:18:2:Infinity":0,"f:2:44:2:48":0,"s:2:59:2:100":1,"s:3:14:3:Infinity":2,"f:3:32:3:37":1,"s:3:52:3:64":3,"f:4:16:4:25":2,"s:4:50:4:80":4,"b:4:57:4:77:4:77:4:80":0,"f:5:16:5:22":3,"s:5:45:5:73":5,"b:5:52:5:70:5:70:5:73":1},"fnNames":{}}},"/workspace/scratch/3be8439307aa/p29-vitest-example/src/features/feature-06.ts":{"path":"/workspace/scratch/3be8439307aa/p29-vitest-example/src/features/feature-06.ts","statementMap":{"0":{"start":{"line":2,"column":18},"end":{"line":2,"column":null}},"1":{"start":{"line":2,"column":59},"end":{"line":2,"column":100}},"2":{"start":{"line":3,"column":14},"end":{"line":3,"column":null}},"3":{"start":{"line":3,"column":52},"end":{"line":3,"column":64}},"4":{"start":{"line":4,"column":50},"end":{"line":4,"column":80}},"5":{"start":{"line":5,"column":45},"end":{"line":5,"column":73}}},"fnMap":{"0":{"name":"(anonymous_0)","decl":{"start":{"line":2,"column":44},"end":{"line":2,"column":48}},"loc":{"start":{"line":2,"column":59},"end":{"line":2,"column":100}},"line":2},"1":{"name":"(anonymous_1)","decl":{"start":{"line":3,"column":32},"end":{"line":3,"column":37}},"loc":{"start":{"line":3,"column":52},"end":{"line":3,"column":64}},"line":3},"2":{"name":"lookup06","decl":{"start":{"line":4,"column":16},"end":{"line":4,"column":25}},"loc":{"start":{"line":4,"column":48},"end":{"line":4,"column":null}},"line":4},"3":{"name":"key06","decl":{"start":{"line":5,"column":16},"end":{"line":5,"column":22}},"loc":{"start":{"line":5,"column":43},"end":{"line":5,"column":null}},"line":5}},"branchMap":{"0":{"loc":{"start":{"line":4,"column":57},"end":{"line":4,"column":80}},"type":"binary-expr","locations":[{"start":{"line":4,"column":57},"end":{"line":4,"column":77}},{"start":{"line":4,"column":77},"end":{"line":4,"column":80}}],"line":4},"1":{"loc":{"start":{"line":5,"column":52},"end":{"line":5,"column":73}},"type":"binary-expr","locations":[{"start":{"line":5,"column":52},"end":{"line":5,"column":70}},{"start":{"line":5,"column":70},"end":{"line":5,"column":73}}],"line":5}},"s":{"0":16,"1":28800,"2":16,"3":28800,"4":2,"5":1},"f":{"0":28800,"1":28800,"2":2,"3":1},"b":{"0":[2,1],"1":[1,0]},"meta":{"lastBranch":2,"lastFunction":4,"lastStatement":6,"seen":{"s:2:18:2:Infinity":0,"f:2:44:2:48":0,"s:2:59:2:100":1,"s:3:14:3:Infinity":2,"f:3:32:3:37":1,"s:3:52:3:64":3,"f:4:16:4:25":2,"s:4:50:4:80":4,"b:4:57:4:77:4:77:4:80":0,"f:5:16:5:22":3,"s:5:45:5:73":5,"b:5:52:5:70:5:70:5:73":1},"fnNames":{}}},"/workspace/scratch/3be8439307aa/p29-vitest-example/src/features/feature-08.ts":{"path":"/workspace/scratch/3be8439307aa/p29-vitest-example/src/features/feature-08.ts","statementMap":{"0":{"start":{"line":2,"column":18},"end":{"line":2,"column":null}},"1":{"start":{"line":2,"column":59},"end":{"line":2,"column":100}},"2":{"start":{"line":3,"column":14},"end":{"line":3,"column":null}},"3":{"start":{"line":3,"column":52},"end":{"line":3,"column":64}},"4":{"start":{"line":4,"column":50},"end":{"line":4,"column":80}},"5":{"start":{"line":5,"column":45},"end":{"line":5,"column":73}}},"fnMap":{"0":{"name":"(anonymous_0)","decl":{"start":{"line":2,"column":44},"end":{"line":2,"column":48}},"loc":{"start":{"line":2,"column":59},"end":{"line":2,"column":100}},"line":2},"1":{"name":"(anonymous_1)","decl":{"start":{"line":3,"column":32},"end":{"line":3,"column":37}},"loc":{"start":{"line":3,"column":52},"end":{"line":3,"column":64}},"line":3},"2":{"name":"lookup08","decl":{"start":{"line":4,"column":16},"end":{"line":4,"column":25}},"loc":{"start":{"line":4,"column":48},"end":{"line":4,"column":null}},"line":4},"3":{"name":"key08","decl":{"start":{"line":5,"column":16},"end":{"line":5,"column":22}},"loc":{"start":{"line":5,"column":43},"end":{"line":5,"column":null}},"line":5}},"branchMap":{"0":{"loc":{"start":{"line":4,"column":57},"end":{"line":4,"column":80}},"type":"binary-expr","locations":[{"start":{"line":4,"column":57},"end":{"line":4,"column":77}},{"start":{"line":4,"column":77},"end":{"line":4,"column":80}}],"line":4},"1":{"loc":{"start":{"line":5,"column":52},"end":{"line":5,"column":73}},"type":"binary-expr","locations":[{"start":{"line":5,"column":52},"end":{"line":5,"column":70}},{"start":{"line":5,"column":70},"end":{"line":5,"column":73}}],"line":5}},"s":{"0":16,"1":28800,"2":16,"3":28800,"4":2,"5":1},"f":{"0":28800,"1":28800,"2":2,"3":1},"b":{"0":[2,1],"1":[1,0]},"meta":{"lastBranch":2,"lastFunction":4,"lastStatement":6,"seen":{"s:2:18:2:Infinity":0,"f:2:44:2:48":0,"s:2:59:2:100":1,"s:3:14:3:Infinity":2,"f:3:32:3:37":1,"s:3:52:3:64":3,"f:4:16:4:25":2,"s:4:50:4:80":4,"b:4:57:4:77:4:77:4:80":0,"f:5:16:5:22":3,"s:5:45:5:73":5,"b:5:52:5:70:5:70:5:73":1},"fnNames":{}}},"/workspace/scratch/3be8439307aa/p29-vitest-example/src/features/feature-04.ts":{"path":"/workspace/scratch/3be8439307aa/p29-vitest-example/src/features/feature-04.ts","statementMap":{"0":{"start":{"line":2,"column":18},"end":{"line":2,"column":null}},"1":{"start":{"line":2,"column":59},"end":{"line":2,"column":100}},"2":{"start":{"line":3,"column":14},"end":{"line":3,"column":null}},"3":{"start":{"line":3,"column":52},"end":{"line":3,"column":64}},"4":{"start":{"line":4,"column":50},"end":{"line":4,"column":80}},"5":{"start":{"line":5,"column":45},"end":{"line":5,"column":73}}},"fnMap":{"0":{"name":"(anonymous_0)","decl":{"start":{"line":2,"column":44},"end":{"line":2,"column":48}},"loc":{"start":{"line":2,"column":59},"end":{"line":2,"column":100}},"line":2},"1":{"name":"(anonymous_1)","decl":{"start":{"line":3,"column":32},"end":{"line":3,"column":37}},"loc":{"start":{"line":3,"column":52},"end":{"line":3,"column":64}},"line":3},"2":{"name":"lookup04","decl":{"start":{"line":4,"column":16},"end":{"line":4,"column":25}},"loc":{"start":{"line":4,"column":48},"end":{"line":4,"column":null}},"line":4},"3":{"name":"key04","decl":{"start":{"line":5,"column":16},"end":{"line":5,"column":22}},"loc":{"start":{"line":5,"column":43},"end":{"line":5,"column":null}},"line":5}},"branchMap":{"0":{"loc":{"start":{"line":4,"column":57},"end":{"line":4,"column":80}},"type":"binary-expr","locations":[{"start":{"line":4,"column":57},"end":{"line":4,"column":77}},{"start":{"line":4,"column":77},"end":{"line":4,"column":80}}],"line":4},"1":{"loc":{"start":{"line":5,"column":52},"end":{"line":5,"column":73}},"type":"binary-expr","locations":[{"start":{"line":5,"column":52},"end":{"line":5,"column":70}},{"start":{"line":5,"column":70},"end":{"line":5,"column":73}}],"line":5}},"s":{"0":16,"1":28800,"2":16,"3":28800,"4":2,"5":1},"f":{"0":28800,"1":28800,"2":2,"3":1},"b":{"0":[2,1],"1":[1,0]},"meta":{"lastBranch":2,"lastFunction":4,"lastStatement":6,"seen":{"s:2:18:2:Infinity":0,"f:2:44:2:48":0,"s:2:59:2:100":1,"s:3:14:3:Infinity":2,"f:3:32:3:37":1,"s:3:52:3:64":3,"f:4:16:4:25":2,"s:4:50:4:80":4,"b:4:57:4:77:4:77:4:80":0,"f:5:16:5:22":3,"s:5:45:5:73":5,"b:5:52:5:70:5:70:5:73":1},"fnNames":{}}},"/workspace/scratch/3be8439307aa/p29-vitest-example/src/features/feature-07.ts":{"path":"/workspace/scratch/3be8439307aa/p29-vitest-example/src/features/feature-07.ts","statementMap":{"0":{"start":{"line":2,"column":18},"end":{"line":2,"column":null}},"1":{"start":{"line":2,"column":59},"end":{"line":2,"column":100}},"2":{"start":{"line":3,"column":14},"end":{"line":3,"column":null}},"3":{"start":{"line":3,"column":52},"end":{"line":3,"column":64}},"4":{"start":{"line":4,"column":50},"end":{"line":4,"column":80}},"5":{"start":{"line":5,"column":45},"end":{"line":5,"column":73}}},"fnMap":{"0":{"name":"(anonymous_0)","decl":{"start":{"line":2,"column":44},"end":{"line":2,"column":48}},"loc":{"start":{"line":2,"column":59},"end":{"line":2,"column":100}},"line":2},"1":{"name":"(anonymous_1)","decl":{"start":{"line":3,"column":32},"end":{"line":3,"column":37}},"loc":{"start":{"line":3,"column":52},"end":{"line":3,"column":64}},"line":3},"2":{"name":"lookup07","decl":{"start":{"line":4,"column":16},"end":{"line":4,"column":25}},"loc":{"start":{"line":4,"column":48},"end":{"line":4,"column":null}},"line":4},"3":{"name":"key07","decl":{"start":{"line":5,"column":16},"end":{"line":5,"column":22}},"loc":{"start":{"line":5,"column":43},"end":{"line":5,"column":null}},"line":5}},"branchMap":{"0":{"loc":{"start":{"line":4,"column":57},"end":{"line":4,"column":80}},"type":"binary-expr","locations":[{"start":{"line":4,"column":57},"end":{"line":4,"column":77}},{"start":{"line":4,"column":77},"end":{"line":4,"column":80}}],"line":4},"1":{"loc":{"start":{"line":5,"column":52},"end":{"line":5,"column":73}},"type":"binary-expr","locations":[{"start":{"line":5,"column":52},"end":{"line":5,"column":70}},{"start":{"line":5,"column":70},"end":{"line":5,"column":73}}],"line":5}},"s":{"0":16,"1":28800,"2":16,"3":28800,"4":2,"5":1},"f":{"0":28800,"1":28800,"2":2,"3":1},"b":{"0":[2,1],"1":[1,0]},"meta":{"lastBranch":2,"lastFunction":4,"lastStatement":6,"seen":{"s:2:18:2:Infinity":0,"f:2:44:2:48":0,"s:2:59:2:100":1,"s:3:14:3:Infinity":2,"f:3:32:3:37":1,"s:3:52:3:64":3,"f:4:16:4:25":2,"s:4:50:4:80":4,"b:4:57:4:77:4:77:4:80":0,"f:5:16:5:22":3,"s:5:45:5:73":5,"b:5:52:5:70:5:70:5:73":1},"fnNames":{}}},"/workspace/scratch/3be8439307aa/p29-vitest-example/src/features/feature-10.ts":{"path":"/workspace/scratch/3be8439307aa/p29-vitest-example/src/features/feature-10.ts","statementMap":{"0":{"start":{"line":2,"column":18},"end":{"line":2,"column":null}},"1":{"start":{"line":2,"column":59},"end":{"line":2,"column":100}},"2":{"start":{"line":3,"column":14},"end":{"line":3,"column":null}},"3":{"start":{"line":3,"column":52},"end":{"line":3,"column":64}},"4":{"start":{"line":4,"column":50},"end":{"line":4,"column":80}},"5":{"start":{"line":5,"column":45},"end":{"line":5,"column":73}}},"fnMap":{"0":{"name":"(anonymous_0)","decl":{"start":{"line":2,"column":44},"end":{"line":2,"column":48}},"loc":{"start":{"line":2,"column":59},"end":{"line":2,"column":100}},"line":2},"1":{"name":"(anonymous_1)","decl":{"start":{"line":3,"column":32},"end":{"line":3,"column":37}},"loc":{"start":{"line":3,"column":52},"end":{"line":3,"column":64}},"line":3},"2":{"name":"lookup10","decl":{"start":{"line":4,"column":16},"end":{"line":4,"column":25}},"loc":{"start":{"line":4,"column":48},"end":{"line":4,"column":null}},"line":4},"3":{"name":"key10","decl":{"start":{"line":5,"column":16},"end":{"line":5,"column":22}},"loc":{"start":{"line":5,"column":43},"end":{"line":5,"column":null}},"line":5}},"branchMap":{"0":{"loc":{"start":{"line":4,"column":57},"end":{"line":4,"column":80}},"type":"binary-expr","locations":[{"start":{"line":4,"column":57},"end":{"line":4,"column":77}},{"start":{"line":4,"column":77},"end":{"line":4,"column":80}}],"line":4},"1":{"loc":{"start":{"line":5,"column":52},"end":{"line":5,"column":73}},"type":"binary-expr","locations":[{"start":{"line":5,"column":52},"end":{"line":5,"column":70}},{"start":{"line":5,"column":70},"end":{"line":5,"column":73}}],"line":5}},"s":{"0":16,"1":28800,"2":16,"3":28800,"4":2,"5":1},"f":{"0":28800,"1":28800,"2":2,"3":1},"b":{"0":[2,1],"1":[1,0]},"meta":{"lastBranch":2,"lastFunction":4,"lastStatement":6,"seen":{"s:2:18:2:Infinity":0,"f:2:44:2:48":0,"s:2:59:2:100":1,"s:3:14:3:Infinity":2,"f:3:32:3:37":1,"s:3:52:3:64":3,"f:4:16:4:25":2,"s:4:50:4:80":4,"b:4:57:4:77:4:77:4:80":0,"f:5:16:5:22":3,"s:5:45:5:73":5,"b:5:52:5:70:5:70:5:73":1},"fnNames":{}}},"/workspace/scratch/3be8439307aa/p29-vitest-example/src/features/feature-13.ts":{"path":"/workspace/scratch/3be8439307aa/p29-vitest-example/src/features/feature-13.ts","statementMap":{"0":{"start":{"line":2,"column":18},"end":{"line":2,"column":null}},"1":{"start":{"line":2,"column":59},"end":{"line":2,"column":100}},"2":{"start":{"line":3,"column":14},"end":{"line":3,"column":null}},"3":{"start":{"line":3,"column":52},"end":{"line":3,"column":64}},"4":{"start":{"line":4,"column":50},"end":{"line":4,"column":80}},"5":{"start":{"line":5,"column":45},"end":{"line":5,"column":73}}},"fnMap":{"0":{"name":"(anonymous_0)","decl":{"start":{"line":2,"column":44},"end":{"line":2,"column":48}},"loc":{"start":{"line":2,"column":59},"end":{"line":2,"column":100}},"line":2},"1":{"name":"(anonymous_1)","decl":{"start":{"line":3,"column":32},"end":{"line":3,"column":37}},"loc":{"start":{"line":3,"column":52},"end":{"line":3,"column":64}},"line":3},"2":{"name":"lookup13","decl":{"start":{"line":4,"column":16},"end":{"line":4,"column":25}},"loc":{"start":{"line":4,"column":48},"end":{"line":4,"column":null}},"line":4},"3":{"name":"key13","decl":{"start":{"line":5,"column":16},"end":{"line":5,"column":22}},"loc":{"start":{"line":5,"column":43},"end":{"line":5,"column":null}},"line":5}},"branchMap":{"0":{"loc":{"start":{"line":4,"column":57},"end":{"line":4,"column":80}},"type":"binary-expr","locations":[{"start":{"line":4,"column":57},"end":{"line":4,"column":77}},{"start":{"line":4,"column":77},"end":{"line":4,"column":80}}],"line":4},"1":{"loc":{"start":{"line":5,"column":52},"end":{"line":5,"column":73}},"type":"binary-expr","locations":[{"start":{"line":5,"column":52},"end":{"line":5,"column":70}},{"start":{"line":5,"column":70},"end":{"line":5,"column":73}}],"line":5}},"s":{"0":16,"1":28800,"2":16,"3":28800,"4":2,"5":1},"f":{"0":28800,"1":28800,"2":2,"3":1},"b":{"0":[2,1],"1":[1,0]},"meta":{"lastBranch":2,"lastFunction":4,"lastStatement":6,"seen":{"s:2:18:2:Infinity":0,"f:2:44:2:48":0,"s:2:59:2:100":1,"s:3:14:3:Infinity":2,"f:3:32:3:37":1,"s:3:52:3:64":3,"f:4:16:4:25":2,"s:4:50:4:80":4,"b:4:57:4:77:4:77:4:80":0,"f:5:16:5:22":3,"s:5:45:5:73":5,"b:5:52:5:70:5:70:5:73":1},"fnNames":{}}},"/workspace/scratch/3be8439307aa/p29-vitest-example/src/features/feature-16.ts":{"path":"/workspace/scratch/3be8439307aa/p29-vitest-example/src/features/feature-16.ts","statementMap":{"0":{"start":{"line":2,"column":18},"end":{"line":2,"column":null}},"1":{"start":{"line":2,"column":59},"end":{"line":2,"column":100}},"2":{"start":{"line":3,"column":14},"end":{"line":3,"column":null}},"3":{"start":{"line":3,"column":52},"end":{"line":3,"column":64}},"4":{"start":{"line":4,"column":50},"end":{"line":4,"column":80}},"5":{"start":{"line":5,"column":45},"end":{"line":5,"column":73}}},"fnMap":{"0":{"name":"(anonymous_0)","decl":{"start":{"line":2,"column":44},"end":{"line":2,"column":48}},"loc":{"start":{"line":2,"column":59},"end":{"line":2,"column":100}},"line":2},"1":{"name":"(anonymous_1)","decl":{"start":{"line":3,"column":32},"end":{"line":3,"column":37}},"loc":{"start":{"line":3,"column":52},"end":{"line":3,"column":64}},"line":3},"2":{"name":"lookup16","decl":{"start":{"line":4,"column":16},"end":{"line":4,"column":25}},"loc":{"start":{"line":4,"column":48},"end":{"line":4,"column":null}},"line":4},"3":{"name":"key16","decl":{"start":{"line":5,"column":16},"end":{"line":5,"column":22}},"loc":{"start":{"line":5,"column":43},"end":{"line":5,"column":null}},"line":5}},"branchMap":{"0":{"loc":{"start":{"line":4,"column":57},"end":{"line":4,"column":80}},"type":"binary-expr","locations":[{"start":{"line":4,"column":57},"end":{"line":4,"column":77}},{"start":{"line":4,"column":77},"end":{"line":4,"column":80}}],"line":4},"1":{"loc":{"start":{"line":5,"column":52},"end":{"line":5,"column":73}},"type":"binary-expr","locations":[{"start":{"line":5,"column":52},"end":{"line":5,"column":70}},{"start":{"line":5,"column":70},"end":{"line":5,"column":73}}],"line":5}},"s":{"0":16,"1":28800,"2":16,"3":28800,"4":2,"5":1},"f":{"0":28800,"1":28800,"2":2,"3":1},"b":{"0":[2,1],"1":[1,0]},"meta":{"lastBranch":2,"lastFunction":4,"lastStatement":6,"seen":{"s:2:18:2:Infinity":0,"f:2:44:2:48":0,"s:2:59:2:100":1,"s:3:14:3:Infinity":2,"f:3:32:3:37":1,"s:3:52:3:64":3,"f:4:16:4:25":2,"s:4:50:4:80":4,"b:4:57:4:77:4:77:4:80":0,"f:5:16:5:22":3,"s:5:45:5:73":5,"b:5:52:5:70:5:70:5:73":1},"fnNames":{}}},"/workspace/scratch/3be8439307aa/p29-vitest-example/src/features/feature-11.ts":{"path":"/workspace/scratch/3be8439307aa/p29-vitest-example/src/features/feature-11.ts","statementMap":{"0":{"start":{"line":2,"column":18},"end":{"line":2,"column":null}},"1":{"start":{"line":2,"column":59},"end":{"line":2,"column":100}},"2":{"start":{"line":3,"column":14},"end":{"line":3,"column":null}},"3":{"start":{"line":3,"column":52},"end":{"line":3,"column":64}},"4":{"start":{"line":4,"column":50},"end":{"line":4,"column":80}},"5":{"start":{"line":5,"column":45},"end":{"line":5,"column":73}}},"fnMap":{"0":{"name":"(anonymous_0)","decl":{"start":{"line":2,"column":44},"end":{"line":2,"column":48}},"loc":{"start":{"line":2,"column":59},"end":{"line":2,"column":100}},"line":2},"1":{"name":"(anonymous_1)","decl":{"start":{"line":3,"column":32},"end":{"line":3,"column":37}},"loc":{"start":{"line":3,"column":52},"end":{"line":3,"column":64}},"line":3},"2":{"name":"lookup11","decl":{"start":{"line":4,"column":16},"end":{"line":4,"column":25}},"loc":{"start":{"line":4,"column":48},"end":{"line":4,"column":null}},"line":4},"3":{"name":"key11","decl":{"start":{"line":5,"column":16},"end":{"line":5,"column":22}},"loc":{"start":{"line":5,"column":43},"end":{"line":5,"column":null}},"line":5}},"branchMap":{"0":{"loc":{"start":{"line":4,"column":57},"end":{"line":4,"column":80}},"type":"binary-expr","locations":[{"start":{"line":4,"column":57},"end":{"line":4,"column":77}},{"start":{"line":4,"column":77},"end":{"line":4,"column":80}}],"line":4},"1":{"loc":{"start":{"line":5,"column":52},"end":{"line":5,"column":73}},"type":"binary-expr","locations":[{"start":{"line":5,"column":52},"end":{"line":5,"column":70}},{"start":{"line":5,"column":70},"end":{"line":5,"column":73}}],"line":5}},"s":{"0":16,"1":28800,"2":16,"3":28800,"4":2,"5":1},"f":{"0":28800,"1":28800,"2":2,"3":1},"b":{"0":[2,1],"1":[1,0]},"meta":{"lastBranch":2,"lastFunction":4,"lastStatement":6,"seen":{"s:2:18:2:Infinity":0,"f:2:44:2:48":0,"s:2:59:2:100":1,"s:3:14:3:Infinity":2,"f:3:32:3:37":1,"s:3:52:3:64":3,"f:4:16:4:25":2,"s:4:50:4:80":4,"b:4:57:4:77:4:77:4:80":0,"f:5:16:5:22":3,"s:5:45:5:73":5,"b:5:52:5:70:5:70:5:73":1},"fnNames":{}}},"/workspace/scratch/3be8439307aa/p29-vitest-example/src/features/feature-14.ts":{"path":"/workspace/scratch/3be8439307aa/p29-vitest-example/src/features/feature-14.ts","statementMap":{"0":{"start":{"line":2,"column":18},"end":{"line":2,"column":null}},"1":{"start":{"line":2,"column":59},"end":{"line":2,"column":100}},"2":{"start":{"line":3,"column":14},"end":{"line":3,"column":null}},"3":{"start":{"line":3,"column":52},"end":{"line":3,"column":64}},"4":{"start":{"line":4,"column":50},"end":{"line":4,"column":80}},"5":{"start":{"line":5,"column":45},"end":{"line":5,"column":73}}},"fnMap":{"0":{"name":"(anonymous_0)","decl":{"start":{"line":2,"column":44},"end":{"line":2,"column":48}},"loc":{"start":{"line":2,"column":59},"end":{"line":2,"column":100}},"line":2},"1":{"name":"(anonymous_1)","decl":{"start":{"line":3,"column":32},"end":{"line":3,"column":37}},"loc":{"start":{"line":3,"column":52},"end":{"line":3,"column":64}},"line":3},"2":{"name":"lookup14","decl":{"start":{"line":4,"column":16},"end":{"line":4,"column":25}},"loc":{"start":{"line":4,"column":48},"end":{"line":4,"column":null}},"line":4},"3":{"name":"key14","decl":{"start":{"line":5,"column":16},"end":{"line":5,"column":22}},"loc":{"start":{"line":5,"column":43},"end":{"line":5,"column":null}},"line":5}},"branchMap":{"0":{"loc":{"start":{"line":4,"column":57},"end":{"line":4,"column":80}},"type":"binary-expr","locations":[{"start":{"line":4,"column":57},"end":{"line":4,"column":77}},{"start":{"line":4,"column":77},"end":{"line":4,"column":80}}],"line":4},"1":{"loc":{"start":{"line":5,"column":52},"end":{"line":5,"column":73}},"type":"binary-expr","locations":[{"start":{"line":5,"column":52},"end":{"line":5,"column":70}},{"start":{"line":5,"column":70},"end":{"line":5,"column":73}}],"line":5}},"s":{"0":16,"1":28800,"2":16,"3":28800,"4":2,"5":1},"f":{"0":28800,"1":28800,"2":2,"3":1},"b":{"0":[2,1],"1":[1,0]},"meta":{"lastBranch":2,"lastFunction":4,"lastStatement":6,"seen":{"s:2:18:2:Infinity":0,"f:2:44:2:48":0,"s:2:59:2:100":1,"s:3:14:3:Infinity":2,"f:3:32:3:37":1,"s:3:52:3:64":3,"f:4:16:4:25":2,"s:4:50:4:80":4,"b:4:57:4:77:4:77:4:80":0,"f:5:16:5:22":3,"s:5:45:5:73":5,"b:5:52:5:70:5:70:5:73":1},"fnNames":{}}},"/workspace/scratch/3be8439307aa/p29-vitest-example/src/features/feature-15.ts":{"path":"/workspace/scratch/3be8439307aa/p29-vitest-example/src/features/feature-15.ts","statementMap":{"0":{"start":{"line":2,"column":18},"end":{"line":2,"column":null}},"1":{"start":{"line":2,"column":59},"end":{"line":2,"column":100}},"2":{"start":{"line":3,"column":14},"end":{"line":3,"column":null}},"3":{"start":{"line":3,"column":52},"end":{"line":3,"column":64}},"4":{"start":{"line":4,"column":50},"end":{"line":4,"column":80}},"5":{"start":{"line":5,"column":45},"end":{"line":5,"column":73}}},"fnMap":{"0":{"name":"(anonymous_0)","decl":{"start":{"line":2,"column":44},"end":{"line":2,"column":48}},"loc":{"start":{"line":2,"column":59},"end":{"line":2,"column":100}},"line":2},"1":{"name":"(anonymous_1)","decl":{"start":{"line":3,"column":32},"end":{"line":3,"column":37}},"loc":{"start":{"line":3,"column":52},"end":{"line":3,"column":64}},"line":3},"2":{"name":"lookup15","decl":{"start":{"line":4,"column":16},"end":{"line":4,"column":25}},"loc":{"start":{"line":4,"column":48},"end":{"line":4,"column":null}},"line":4},"3":{"name":"key15","decl":{"start":{"line":5,"column":16},"end":{"line":5,"column":22}},"loc":{"start":{"line":5,"column":43},"end":{"line":5,"column":null}},"line":5}},"branchMap":{"0":{"loc":{"start":{"line":4,"column":57},"end":{"line":4,"column":80}},"type":"binary-expr","locations":[{"start":{"line":4,"column":57},"end":{"line":4,"column":77}},{"start":{"line":4,"column":77},"end":{"line":4,"column":80}}],"line":4},"1":{"loc":{"start":{"line":5,"column":52},"end":{"line":5,"column":73}},"type":"binary-expr","locations":[{"start":{"line":5,"column":52},"end":{"line":5,"column":70}},{"start":{"line":5,"column":70},"end":{"line":5,"column":73}}],"line":5}},"s":{"0":16,"1":28800,"2":16,"3":28800,"4":2,"5":1},"f":{"0":28800,"1":28800,"2":2,"3":1},"b":{"0":[2,1],"1":[1,0]},"meta":{"lastBranch":2,"lastFunction":4,"lastStatement":6,"seen":{"s:2:18:2:Infinity":0,"f:2:44:2:48":0,"s:2:59:2:100":1,"s:3:14:3:Infinity":2,"f:3:32:3:37":1,"s:3:52:3:64":3,"f:4:16:4:25":2,"s:4:50:4:80":4,"b:4:57:4:77:4:77:4:80":0,"f:5:16:5:22":3,"s:5:45:5:73":5,"b:5:52:5:70:5:70:5:73":1},"fnNames":{}}},"/workspace/scratch/3be8439307aa/p29-vitest-example/src/features/feature-12.ts":{"path":"/workspace/scratch/3be8439307aa/p29-vitest-example/src/features/feature-12.ts","statementMap":{"0":{"start":{"line":2,"column":18},"end":{"line":2,"column":null}},"1":{"start":{"line":2,"column":59},"end":{"line":2,"column":100}},"2":{"start":{"line":3,"column":14},"end":{"line":3,"column":null}},"3":{"start":{"line":3,"column":52},"end":{"line":3,"column":64}},"4":{"start":{"line":4,"column":50},"end":{"line":4,"column":80}},"5":{"start":{"line":5,"column":45},"end":{"line":5,"column":73}}},"fnMap":{"0":{"name":"(anonymous_0)","decl":{"start":{"line":2,"column":44},"end":{"line":2,"column":48}},"loc":{"start":{"line":2,"column":59},"end":{"line":2,"column":100}},"line":2},"1":{"name":"(anonymous_1)","decl":{"start":{"line":3,"column":32},"end":{"line":3,"column":37}},"loc":{"start":{"line":3,"column":52},"end":{"line":3,"column":64}},"line":3},"2":{"name":"lookup12","decl":{"start":{"line":4,"column":16},"end":{"line":4,"column":25}},"loc":{"start":{"line":4,"column":48},"end":{"line":4,"column":null}},"line":4},"3":{"name":"key12","decl":{"start":{"line":5,"column":16},"end":{"line":5,"column":22}},"loc":{"start":{"line":5,"column":43},"end":{"line":5,"column":null}},"line":5}},"branchMap":{"0":{"loc":{"start":{"line":4,"column":57},"end":{"line":4,"column":80}},"type":"binary-expr","locations":[{"start":{"line":4,"column":57},"end":{"line":4,"column":77}},{"start":{"line":4,"column":77},"end":{"line":4,"column":80}}],"line":4},"1":{"loc":{"start":{"line":5,"column":52},"end":{"line":5,"column":73}},"type":"binary-expr","locations":[{"start":{"line":5,"column":52},"end":{"line":5,"column":70}},{"start":{"line":5,"column":70},"end":{"line":5,"column":73}}],"line":5}},"s":{"0":16,"1":28800,"2":16,"3":28800,"4":2,"5":1},"f":{"0":28800,"1":28800,"2":2,"3":1},"b":{"0":[2,1],"1":[1,0]},"meta":{"lastBranch":2,"lastFunction":4,"lastStatement":6,"seen":{"s:2:18:2:Infinity":0,"f:2:44:2:48":0,"s:2:59:2:100":1,"s:3:14:3:Infinity":2,"f:3:32:3:37":1,"s:3:52:3:64":3,"f:4:16:4:25":2,"s:4:50:4:80":4,"b:4:57:4:77:4:77:4:80":0,"f:5:16:5:22":3,"s:5:45:5:73":5,"b:5:52:5:70:5:70:5:73":1},"fnNames":{}}},"/workspace/scratch/3be8439307aa/p29-vitest-example/src/features/feature-09.ts":{"path":"/workspace/scratch/3be8439307aa/p29-vitest-example/src/features/feature-09.ts","statementMap":{"0":{"start":{"line":2,"column":18},"end":{"line":2,"column":null}},"1":{"start":{"line":2,"column":59},"end":{"line":2,"column":100}},"2":{"start":{"line":3,"column":14},"end":{"line":3,"column":null}},"3":{"start":{"line":3,"column":52},"end":{"line":3,"column":64}},"4":{"start":{"line":4,"column":50},"end":{"line":4,"column":80}},"5":{"start":{"line":5,"column":45},"end":{"line":5,"column":73}}},"fnMap":{"0":{"name":"(anonymous_0)","decl":{"start":{"line":2,"column":44},"end":{"line":2,"column":48}},"loc":{"start":{"line":2,"column":59},"end":{"line":2,"column":100}},"line":2},"1":{"name":"(anonymous_1)","decl":{"start":{"line":3,"column":32},"end":{"line":3,"column":37}},"loc":{"start":{"line":3,"column":52},"end":{"line":3,"column":64}},"line":3},"2":{"name":"lookup09","decl":{"start":{"line":4,"column":16},"end":{"line":4,"column":25}},"loc":{"start":{"line":4,"column":48},"end":{"line":4,"column":null}},"line":4},"3":{"name":"key09","decl":{"start":{"line":5,"column":16},"end":{"line":5,"column":22}},"loc":{"start":{"line":5,"column":43},"end":{"line":5,"column":null}},"line":5}},"branchMap":{"0":{"loc":{"start":{"line":4,"column":57},"end":{"line":4,"column":80}},"type":"binary-expr","locations":[{"start":{"line":4,"column":57},"end":{"line":4,"column":77}},{"start":{"line":4,"column":77},"end":{"line":4,"column":80}}],"line":4},"1":{"loc":{"start":{"line":5,"column":52},"end":{"line":5,"column":73}},"type":"binary-expr","locations":[{"start":{"line":5,"column":52},"end":{"line":5,"column":70}},{"start":{"line":5,"column":70},"end":{"line":5,"column":73}}],"line":5}},"s":{"0":16,"1":28800,"2":16,"3":28800,"4":2,"5":1},"f":{"0":28800,"1":28800,"2":2,"3":1},"b":{"0":[2,1],"1":[1,0]},"meta":{"lastBranch":2,"lastFunction":4,"lastStatement":6,"seen":{"s:2:18:2:Infinity":0,"f:2:44:2:48":0,"s:2:59:2:100":1,"s:3:14:3:Infinity":2,"f:3:32:3:37":1,"s:3:52:3:64":3,"f:4:16:4:25":2,"s:4:50:4:80":4,"b:4:57:4:77:4:77:4:80":0,"f:5:16:5:22":3,"s:5:45:5:73":5,"b:5:52:5:70:5:70:5:73":1},"fnNames":{}}}}}